ERROR - 2024-02-27 04:45:38 --> mysqli_sql_exception: Unknown column 'tanggal' in 'where clause' in C:\xampp\htdocs\childcare\system\Database\MySQLi\Connection.php:306
Stack trace:
#0 C:\xampp\htdocs\childcare\system\Database\MySQLi\Connection.php(306): mysqli->query('SELECT *\nFROM `...', 0)
#1 C:\xampp\htdocs\childcare\system\Database\BaseConnection.php(693): CodeIgniter\Database\MySQLi\Connection->execute('SELECT *\nFROM `...')
#2 C:\xampp\htdocs\childcare\system\Database\BaseConnection.php(607): CodeIgniter\Database\BaseConnection->simpleQuery('SELECT *\nFROM `...')
#3 C:\xampp\htdocs\childcare\system\Database\BaseBuilder.php(1613): CodeIgniter\Database\BaseConnection->query('SELECT *\nFROM `...', Array, false)
#4 C:\xampp\htdocs\childcare\app\Models\M_model.php(327): CodeIgniter\Database\BaseBuilder->get()
#5 C:\xampp\htdocs\childcare\app\Controllers\Home.php(568): App\Models\M_model->filter('pembayaran', '2024-02-20', '2024-02-29')
#6 C:\xampp\htdocs\childcare\system\CodeIgniter.php(941): App\Controllers\Home->cari_pembayaran()
#7 C:\xampp\htdocs\childcare\system\CodeIgniter.php(502): CodeIgniter\CodeIgniter->runController(Object(App\Controllers\Home))
#8 C:\xampp\htdocs\childcare\system\CodeIgniter.php(361): CodeIgniter\CodeIgniter->handleRequest(NULL, Object(Config\Cache), false)
#9 C:\xampp\htdocs\childcare\public\index.php(79): CodeIgniter\CodeIgniter->run()
#10 C:\xampp\htdocs\childcare\system\Commands\Server\rewrite.php(47): require_once('C:\\xampp\\htdocs...')
#11 {main}
CRITICAL - 2024-02-27 04:45:38 --> CodeIgniter\Database\Exceptions\DatabaseException: Unknown column 'tanggal' in 'where clause'
in SYSTEMPATH\Database\BaseConnection.php on line 647.
 1 SYSTEMPATH\Database\BaseBuilder.php(1613): CodeIgniter\Database\BaseConnection->query('SELECT *
FROM `pembayaran`
WHERE `tanggal` >= :tanggal:
AND `tanggal` <= :tanggal.1:', [...], false)
 2 APPPATH\Models\M_model.php(327): CodeIgniter\Database\BaseBuilder->get()
 3 APPPATH\Controllers\Home.php(568): App\Models\M_model->filter('pembayaran', '2024-02-20', '2024-02-29')
 4 SYSTEMPATH\CodeIgniter.php(941): App\Controllers\Home->cari_pembayaran()
 5 SYSTEMPATH\CodeIgniter.php(502): CodeIgniter\CodeIgniter->runController(Object(App\Controllers\Home))
 6 SYSTEMPATH\CodeIgniter.php(361): CodeIgniter\CodeIgniter->handleRequest(null, Object(Config\Cache), false)
 7 FCPATH\index.php(79): CodeIgniter\CodeIgniter->run()
 8 SYSTEMPATH\Commands\Server\rewrite.php(47): require_once('C:\\xampp\\htdocs\\childcare\\public\\index.php')
CRITICAL - 2024-02-27 04:45:38 --> [Caused by] CodeIgniter\Database\Exceptions\DatabaseException: Unknown column 'tanggal' in 'where clause'
in SYSTEMPATH\Database\MySQLi\Connection.php on line 311.
 1 SYSTEMPATH\Database\BaseConnection.php(693): CodeIgniter\Database\MySQLi\Connection->execute('SELECT *
FROM `pembayaran`
WHERE `tanggal` >= \'2024-02-20\'
AND `tanggal` <= \'2024-02-29\'')
 2 SYSTEMPATH\Database\BaseConnection.php(607): CodeIgniter\Database\BaseConnection->simpleQuery('SELECT *
FROM `pembayaran`
WHERE `tanggal` >= \'2024-02-20\'
AND `tanggal` <= \'2024-02-29\'')
 3 SYSTEMPATH\Database\BaseBuilder.php(1613): CodeIgniter\Database\BaseConnection->query('SELECT *
FROM `pembayaran`
WHERE `tanggal` >= :tanggal:
AND `tanggal` <= :tanggal.1:', [...], false)
 4 APPPATH\Models\M_model.php(327): CodeIgniter\Database\BaseBuilder->get()
 5 APPPATH\Controllers\Home.php(568): App\Models\M_model->filter('pembayaran', '2024-02-20', '2024-02-29')
 6 SYSTEMPATH\CodeIgniter.php(941): App\Controllers\Home->cari_pembayaran()
 7 SYSTEMPATH\CodeIgniter.php(502): CodeIgniter\CodeIgniter->runController(Object(App\Controllers\Home))
 8 SYSTEMPATH\CodeIgniter.php(361): CodeIgniter\CodeIgniter->handleRequest(null, Object(Config\Cache), false)
 9 FCPATH\index.php(79): CodeIgniter\CodeIgniter->run()
10 SYSTEMPATH\Commands\Server\rewrite.php(47): require_once('C:\\xampp\\htdocs\\childcare\\public\\index.php')
CRITICAL - 2024-02-27 04:45:38 --> [Caused by] mysqli_sql_exception: Unknown column 'tanggal' in 'where clause'
in SYSTEMPATH\Database\MySQLi\Connection.php on line 306.
 1 SYSTEMPATH\Database\MySQLi\Connection.php(306): mysqli->query('SELECT *
FROM `pembayaran`
WHERE `tanggal` >= \'2024-02-20\'
AND `tanggal` <= \'2024-02-29\'', 0)
 2 SYSTEMPATH\Database\BaseConnection.php(693): CodeIgniter\Database\MySQLi\Connection->execute('SELECT *
FROM `pembayaran`
WHERE `tanggal` >= \'2024-02-20\'
AND `tanggal` <= \'2024-02-29\'')
 3 SYSTEMPATH\Database\BaseConnection.php(607): CodeIgniter\Database\BaseConnection->simpleQuery('SELECT *
FROM `pembayaran`
WHERE `tanggal` >= \'2024-02-20\'
AND `tanggal` <= \'2024-02-29\'')
 4 SYSTEMPATH\Database\BaseBuilder.php(1613): CodeIgniter\Database\BaseConnection->query('SELECT *
FROM `pembayaran`
WHERE `tanggal` >= :tanggal:
AND `tanggal` <= :tanggal.1:', [...], false)
 5 APPPATH\Models\M_model.php(327): CodeIgniter\Database\BaseBuilder->get()
 6 APPPATH\Controllers\Home.php(568): App\Models\M_model->filter('pembayaran', '2024-02-20', '2024-02-29')
 7 SYSTEMPATH\CodeIgniter.php(941): App\Controllers\Home->cari_pembayaran()
 8 SYSTEMPATH\CodeIgniter.php(502): CodeIgniter\CodeIgniter->runController(Object(App\Controllers\Home))
 9 SYSTEMPATH\CodeIgniter.php(361): CodeIgniter\CodeIgniter->handleRequest(null, Object(Config\Cache), false)
10 FCPATH\index.php(79): CodeIgniter\CodeIgniter->run()
11 SYSTEMPATH\Commands\Server\rewrite.php(47): require_once('C:\\xampp\\htdocs\\childcare\\public\\index.php')
ERROR - 2024-02-27 04:52:49 --> mysqli_sql_exception: Unknown column 'tanggal' in 'where clause' in C:\xampp\htdocs\childcare\system\Database\MySQLi\Connection.php:306
Stack trace:
#0 C:\xampp\htdocs\childcare\system\Database\MySQLi\Connection.php(306): mysqli->query('SELECT *\nFROM `...', 0)
#1 C:\xampp\htdocs\childcare\system\Database\BaseConnection.php(693): CodeIgniter\Database\MySQLi\Connection->execute('SELECT *\nFROM `...')
#2 C:\xampp\htdocs\childcare\system\Database\BaseConnection.php(607): CodeIgniter\Database\BaseConnection->simpleQuery('SELECT *\nFROM `...')
#3 C:\xampp\htdocs\childcare\system\Database\BaseBuilder.php(1613): CodeIgniter\Database\BaseConnection->query('SELECT *\nFROM `...', Array, false)
#4 C:\xampp\htdocs\childcare\app\Models\M_model.php(327): CodeIgniter\Database\BaseBuilder->get()
#5 C:\xampp\htdocs\childcare\app\Controllers\Home.php(589): App\Models\M_model->filter('pembayaran', '2024-02-20', '2024-02-27')
#6 C:\xampp\htdocs\childcare\system\CodeIgniter.php(941): App\Controllers\Home->pdf_pembayaran()
#7 C:\xampp\htdocs\childcare\system\CodeIgniter.php(502): CodeIgniter\CodeIgniter->runController(Object(App\Controllers\Home))
#8 C:\xampp\htdocs\childcare\system\CodeIgniter.php(361): CodeIgniter\CodeIgniter->handleRequest(NULL, Object(Config\Cache), false)
#9 C:\xampp\htdocs\childcare\public\index.php(79): CodeIgniter\CodeIgniter->run()
#10 C:\xampp\htdocs\childcare\system\Commands\Server\rewrite.php(47): require_once('C:\\xampp\\htdocs...')
#11 {main}
CRITICAL - 2024-02-27 04:52:49 --> CodeIgniter\Database\Exceptions\DatabaseException: Unknown column 'tanggal' in 'where clause'
in SYSTEMPATH\Database\BaseConnection.php on line 647.
 1 SYSTEMPATH\Database\BaseBuilder.php(1613): CodeIgniter\Database\BaseConnection->query('SELECT *
FROM `pembayaran`
WHERE `tanggal` >= :tanggal:
AND `tanggal` <= :tanggal.1:', [...], false)
 2 APPPATH\Models\M_model.php(327): CodeIgniter\Database\BaseBuilder->get()
 3 APPPATH\Controllers\Home.php(589): App\Models\M_model->filter('pembayaran', '2024-02-20', '2024-02-27')
 4 SYSTEMPATH\CodeIgniter.php(941): App\Controllers\Home->pdf_pembayaran()
 5 SYSTEMPATH\CodeIgniter.php(502): CodeIgniter\CodeIgniter->runController(Object(App\Controllers\Home))
 6 SYSTEMPATH\CodeIgniter.php(361): CodeIgniter\CodeIgniter->handleRequest(null, Object(Config\Cache), false)
 7 FCPATH\index.php(79): CodeIgniter\CodeIgniter->run()
 8 SYSTEMPATH\Commands\Server\rewrite.php(47): require_once('C:\\xampp\\htdocs\\childcare\\public\\index.php')
CRITICAL - 2024-02-27 04:52:49 --> [Caused by] CodeIgniter\Database\Exceptions\DatabaseException: Unknown column 'tanggal' in 'where clause'
in SYSTEMPATH\Database\MySQLi\Connection.php on line 311.
 1 SYSTEMPATH\Database\BaseConnection.php(693): CodeIgniter\Database\MySQLi\Connection->execute('SELECT *
FROM `pembayaran`
WHERE `tanggal` >= \'2024-02-20\'
AND `tanggal` <= \'2024-02-27\'')
 2 SYSTEMPATH\Database\BaseConnection.php(607): CodeIgniter\Database\BaseConnection->simpleQuery('SELECT *
FROM `pembayaran`
WHERE `tanggal` >= \'2024-02-20\'
AND `tanggal` <= \'2024-02-27\'')
 3 SYSTEMPATH\Database\BaseBuilder.php(1613): CodeIgniter\Database\BaseConnection->query('SELECT *
FROM `pembayaran`
WHERE `tanggal` >= :tanggal:
AND `tanggal` <= :tanggal.1:', [...], false)
 4 APPPATH\Models\M_model.php(327): CodeIgniter\Database\BaseBuilder->get()
 5 APPPATH\Controllers\Home.php(589): App\Models\M_model->filter('pembayaran', '2024-02-20', '2024-02-27')
 6 SYSTEMPATH\CodeIgniter.php(941): App\Controllers\Home->pdf_pembayaran()
 7 SYSTEMPATH\CodeIgniter.php(502): CodeIgniter\CodeIgniter->runController(Object(App\Controllers\Home))
 8 SYSTEMPATH\CodeIgniter.php(361): CodeIgniter\CodeIgniter->handleRequest(null, Object(Config\Cache), false)
 9 FCPATH\index.php(79): CodeIgniter\CodeIgniter->run()
10 SYSTEMPATH\Commands\Server\rewrite.php(47): require_once('C:\\xampp\\htdocs\\childcare\\public\\index.php')
CRITICAL - 2024-02-27 04:52:49 --> [Caused by] mysqli_sql_exception: Unknown column 'tanggal' in 'where clause'
in SYSTEMPATH\Database\MySQLi\Connection.php on line 306.
 1 SYSTEMPATH\Database\MySQLi\Connection.php(306): mysqli->query('SELECT *
FROM `pembayaran`
WHERE `tanggal` >= \'2024-02-20\'
AND `tanggal` <= \'2024-02-27\'', 0)
 2 SYSTEMPATH\Database\BaseConnection.php(693): CodeIgniter\Database\MySQLi\Connection->execute('SELECT *
FROM `pembayaran`
WHERE `tanggal` >= \'2024-02-20\'
AND `tanggal` <= \'2024-02-27\'')
 3 SYSTEMPATH\Database\BaseConnection.php(607): CodeIgniter\Database\BaseConnection->simpleQuery('SELECT *
FROM `pembayaran`
WHERE `tanggal` >= \'2024-02-20\'
AND `tanggal` <= \'2024-02-27\'')
 4 SYSTEMPATH\Database\BaseBuilder.php(1613): CodeIgniter\Database\BaseConnection->query('SELECT *
FROM `pembayaran`
WHERE `tanggal` >= :tanggal:
AND `tanggal` <= :tanggal.1:', [...], false)
 5 APPPATH\Models\M_model.php(327): CodeIgniter\Database\BaseBuilder->get()
 6 APPPATH\Controllers\Home.php(589): App\Models\M_model->filter('pembayaran', '2024-02-20', '2024-02-27')
 7 SYSTEMPATH\CodeIgniter.php(941): App\Controllers\Home->pdf_pembayaran()
 8 SYSTEMPATH\CodeIgniter.php(502): CodeIgniter\CodeIgniter->runController(Object(App\Controllers\Home))
 9 SYSTEMPATH\CodeIgniter.php(361): CodeIgniter\CodeIgniter->handleRequest(null, Object(Config\Cache), false)
10 FCPATH\index.php(79): CodeIgniter\CodeIgniter->run()
11 SYSTEMPATH\Commands\Server\rewrite.php(47): require_once('C:\\xampp\\htdocs\\childcare\\public\\index.php')
ERROR - 2024-02-27 05:48:10 --> mysqli_sql_exception: Unknown column 'tanggal' in 'where clause' in C:\xampp\htdocs\childcare\system\Database\MySQLi\Connection.php:306
Stack trace:
#0 C:\xampp\htdocs\childcare\system\Database\MySQLi\Connection.php(306): mysqli->query('SELECT *\nFROM `...', 0)
#1 C:\xampp\htdocs\childcare\system\Database\BaseConnection.php(693): CodeIgniter\Database\MySQLi\Connection->execute('SELECT *\nFROM `...')
#2 C:\xampp\htdocs\childcare\system\Database\BaseConnection.php(607): CodeIgniter\Database\BaseConnection->simpleQuery('SELECT *\nFROM `...')
#3 C:\xampp\htdocs\childcare\system\Database\BaseBuilder.php(1613): CodeIgniter\Database\BaseConnection->query('SELECT *\nFROM `...', Array, false)
#4 C:\xampp\htdocs\childcare\app\Models\M_model.php(327): CodeIgniter\Database\BaseBuilder->get()
#5 C:\xampp\htdocs\childcare\app\Controllers\Home.php(568): App\Models\M_model->filter('pembayaran', '2024-02-20', '2024-02-27')
#6 C:\xampp\htdocs\childcare\system\CodeIgniter.php(941): App\Controllers\Home->cari_pembayaran()
#7 C:\xampp\htdocs\childcare\system\CodeIgniter.php(502): CodeIgniter\CodeIgniter->runController(Object(App\Controllers\Home))
#8 C:\xampp\htdocs\childcare\system\CodeIgniter.php(361): CodeIgniter\CodeIgniter->handleRequest(NULL, Object(Config\Cache), false)
#9 C:\xampp\htdocs\childcare\public\index.php(79): CodeIgniter\CodeIgniter->run()
#10 C:\xampp\htdocs\childcare\system\Commands\Server\rewrite.php(47): require_once('C:\\xampp\\htdocs...')
#11 {main}
CRITICAL - 2024-02-27 05:48:10 --> CodeIgniter\Database\Exceptions\DatabaseException: Unknown column 'tanggal' in 'where clause'
in SYSTEMPATH\Database\BaseConnection.php on line 647.
 1 SYSTEMPATH\Database\BaseBuilder.php(1613): CodeIgniter\Database\BaseConnection->query('SELECT *
FROM `pembayaran`
WHERE `tanggal` >= :tanggal:
AND `tanggal` <= :tanggal.1:', [...], false)
 2 APPPATH\Models\M_model.php(327): CodeIgniter\Database\BaseBuilder->get()
 3 APPPATH\Controllers\Home.php(568): App\Models\M_model->filter('pembayaran', '2024-02-20', '2024-02-27')
 4 SYSTEMPATH\CodeIgniter.php(941): App\Controllers\Home->cari_pembayaran()
 5 SYSTEMPATH\CodeIgniter.php(502): CodeIgniter\CodeIgniter->runController(Object(App\Controllers\Home))
 6 SYSTEMPATH\CodeIgniter.php(361): CodeIgniter\CodeIgniter->handleRequest(null, Object(Config\Cache), false)
 7 FCPATH\index.php(79): CodeIgniter\CodeIgniter->run()
 8 SYSTEMPATH\Commands\Server\rewrite.php(47): require_once('C:\\xampp\\htdocs\\childcare\\public\\index.php')
CRITICAL - 2024-02-27 05:48:10 --> [Caused by] CodeIgniter\Database\Exceptions\DatabaseException: Unknown column 'tanggal' in 'where clause'
in SYSTEMPATH\Database\MySQLi\Connection.php on line 311.
 1 SYSTEMPATH\Database\BaseConnection.php(693): CodeIgniter\Database\MySQLi\Connection->execute('SELECT *
FROM `pembayaran`
WHERE `tanggal` >= \'2024-02-20\'
AND `tanggal` <= \'2024-02-27\'')
 2 SYSTEMPATH\Database\BaseConnection.php(607): CodeIgniter\Database\BaseConnection->simpleQuery('SELECT *
FROM `pembayaran`
WHERE `tanggal` >= \'2024-02-20\'
AND `tanggal` <= \'2024-02-27\'')
 3 SYSTEMPATH\Database\BaseBuilder.php(1613): CodeIgniter\Database\BaseConnection->query('SELECT *
FROM `pembayaran`
WHERE `tanggal` >= :tanggal:
AND `tanggal` <= :tanggal.1:', [...], false)
 4 APPPATH\Models\M_model.php(327): CodeIgniter\Database\BaseBuilder->get()
 5 APPPATH\Controllers\Home.php(568): App\Models\M_model->filter('pembayaran', '2024-02-20', '2024-02-27')
 6 SYSTEMPATH\CodeIgniter.php(941): App\Controllers\Home->cari_pembayaran()
 7 SYSTEMPATH\CodeIgniter.php(502): CodeIgniter\CodeIgniter->runController(Object(App\Controllers\Home))
 8 SYSTEMPATH\CodeIgniter.php(361): CodeIgniter\CodeIgniter->handleRequest(null, Object(Config\Cache), false)
 9 FCPATH\index.php(79): CodeIgniter\CodeIgniter->run()
10 SYSTEMPATH\Commands\Server\rewrite.php(47): require_once('C:\\xampp\\htdocs\\childcare\\public\\index.php')
CRITICAL - 2024-02-27 05:48:10 --> [Caused by] mysqli_sql_exception: Unknown column 'tanggal' in 'where clause'
in SYSTEMPATH\Database\MySQLi\Connection.php on line 306.
 1 SYSTEMPATH\Database\MySQLi\Connection.php(306): mysqli->query('SELECT *
FROM `pembayaran`
WHERE `tanggal` >= \'2024-02-20\'
AND `tanggal` <= \'2024-02-27\'', 0)
 2 SYSTEMPATH\Database\BaseConnection.php(693): CodeIgniter\Database\MySQLi\Connection->execute('SELECT *
FROM `pembayaran`
WHERE `tanggal` >= \'2024-02-20\'
AND `tanggal` <= \'2024-02-27\'')
 3 SYSTEMPATH\Database\BaseConnection.php(607): CodeIgniter\Database\BaseConnection->simpleQuery('SELECT *
FROM `pembayaran`
WHERE `tanggal` >= \'2024-02-20\'
AND `tanggal` <= \'2024-02-27\'')
 4 SYSTEMPATH\Database\BaseBuilder.php(1613): CodeIgniter\Database\BaseConnection->query('SELECT *
FROM `pembayaran`
WHERE `tanggal` >= :tanggal:
AND `tanggal` <= :tanggal.1:', [...], false)
 5 APPPATH\Models\M_model.php(327): CodeIgniter\Database\BaseBuilder->get()
 6 APPPATH\Controllers\Home.php(568): App\Models\M_model->filter('pembayaran', '2024-02-20', '2024-02-27')
 7 SYSTEMPATH\CodeIgniter.php(941): App\Controllers\Home->cari_pembayaran()
 8 SYSTEMPATH\CodeIgniter.php(502): CodeIgniter\CodeIgniter->runController(Object(App\Controllers\Home))
 9 SYSTEMPATH\CodeIgniter.php(361): CodeIgniter\CodeIgniter->handleRequest(null, Object(Config\Cache), false)
10 FCPATH\index.php(79): CodeIgniter\CodeIgniter->run()
11 SYSTEMPATH\Commands\Server\rewrite.php(47): require_once('C:\\xampp\\htdocs\\childcare\\public\\index.php')
ERROR - 2024-02-27 05:56:47 --> mysqli_sql_exception: Unknown column 'tanggal' in 'where clause' in C:\xampp\htdocs\childcare\system\Database\MySQLi\Connection.php:306
Stack trace:
#0 C:\xampp\htdocs\childcare\system\Database\MySQLi\Connection.php(306): mysqli->query('SELECT *\nFROM `...', 0)
#1 C:\xampp\htdocs\childcare\system\Database\BaseConnection.php(693): CodeIgniter\Database\MySQLi\Connection->execute('SELECT *\nFROM `...')
#2 C:\xampp\htdocs\childcare\system\Database\BaseConnection.php(607): CodeIgniter\Database\BaseConnection->simpleQuery('SELECT *\nFROM `...')
#3 C:\xampp\htdocs\childcare\system\Database\BaseBuilder.php(1613): CodeIgniter\Database\BaseConnection->query('SELECT *\nFROM `...', Array, false)
#4 C:\xampp\htdocs\childcare\app\Models\M_model.php(327): CodeIgniter\Database\BaseBuilder->get()
#5 C:\xampp\htdocs\childcare\app\Controllers\Home.php(568): App\Models\M_model->filter('pembayaran', '2024-02-21', '2024-02-28')
#6 C:\xampp\htdocs\childcare\system\CodeIgniter.php(941): App\Controllers\Home->cari_pembayaran()
#7 C:\xampp\htdocs\childcare\system\CodeIgniter.php(502): CodeIgniter\CodeIgniter->runController(Object(App\Controllers\Home))
#8 C:\xampp\htdocs\childcare\system\CodeIgniter.php(361): CodeIgniter\CodeIgniter->handleRequest(NULL, Object(Config\Cache), false)
#9 C:\xampp\htdocs\childcare\public\index.php(79): CodeIgniter\CodeIgniter->run()
#10 C:\xampp\htdocs\childcare\system\Commands\Server\rewrite.php(47): require_once('C:\\xampp\\htdocs...')
#11 {main}
CRITICAL - 2024-02-27 05:56:47 --> CodeIgniter\Database\Exceptions\DatabaseException: Unknown column 'tanggal' in 'where clause'
in SYSTEMPATH\Database\BaseConnection.php on line 647.
 1 SYSTEMPATH\Database\BaseBuilder.php(1613): CodeIgniter\Database\BaseConnection->query('SELECT *
FROM `pembayaran`
WHERE `tanggal` >= :tanggal:
AND `tanggal` <= :tanggal.1:', [...], false)
 2 APPPATH\Models\M_model.php(327): CodeIgniter\Database\BaseBuilder->get()
 3 APPPATH\Controllers\Home.php(568): App\Models\M_model->filter('pembayaran', '2024-02-21', '2024-02-28')
 4 SYSTEMPATH\CodeIgniter.php(941): App\Controllers\Home->cari_pembayaran()
 5 SYSTEMPATH\CodeIgniter.php(502): CodeIgniter\CodeIgniter->runController(Object(App\Controllers\Home))
 6 SYSTEMPATH\CodeIgniter.php(361): CodeIgniter\CodeIgniter->handleRequest(null, Object(Config\Cache), false)
 7 FCPATH\index.php(79): CodeIgniter\CodeIgniter->run()
 8 SYSTEMPATH\Commands\Server\rewrite.php(47): require_once('C:\\xampp\\htdocs\\childcare\\public\\index.php')
CRITICAL - 2024-02-27 05:56:47 --> [Caused by] CodeIgniter\Database\Exceptions\DatabaseException: Unknown column 'tanggal' in 'where clause'
in SYSTEMPATH\Database\MySQLi\Connection.php on line 311.
 1 SYSTEMPATH\Database\BaseConnection.php(693): CodeIgniter\Database\MySQLi\Connection->execute('SELECT *
FROM `pembayaran`
WHERE `tanggal` >= \'2024-02-21\'
AND `tanggal` <= \'2024-02-28\'')
 2 SYSTEMPATH\Database\BaseConnection.php(607): CodeIgniter\Database\BaseConnection->simpleQuery('SELECT *
FROM `pembayaran`
WHERE `tanggal` >= \'2024-02-21\'
AND `tanggal` <= \'2024-02-28\'')
 3 SYSTEMPATH\Database\BaseBuilder.php(1613): CodeIgniter\Database\BaseConnection->query('SELECT *
FROM `pembayaran`
WHERE `tanggal` >= :tanggal:
AND `tanggal` <= :tanggal.1:', [...], false)
 4 APPPATH\Models\M_model.php(327): CodeIgniter\Database\BaseBuilder->get()
 5 APPPATH\Controllers\Home.php(568): App\Models\M_model->filter('pembayaran', '2024-02-21', '2024-02-28')
 6 SYSTEMPATH\CodeIgniter.php(941): App\Controllers\Home->cari_pembayaran()
 7 SYSTEMPATH\CodeIgniter.php(502): CodeIgniter\CodeIgniter->runController(Object(App\Controllers\Home))
 8 SYSTEMPATH\CodeIgniter.php(361): CodeIgniter\CodeIgniter->handleRequest(null, Object(Config\Cache), false)
 9 FCPATH\index.php(79): CodeIgniter\CodeIgniter->run()
10 SYSTEMPATH\Commands\Server\rewrite.php(47): require_once('C:\\xampp\\htdocs\\childcare\\public\\index.php')
CRITICAL - 2024-02-27 05:56:47 --> [Caused by] mysqli_sql_exception: Unknown column 'tanggal' in 'where clause'
in SYSTEMPATH\Database\MySQLi\Connection.php on line 306.
 1 SYSTEMPATH\Database\MySQLi\Connection.php(306): mysqli->query('SELECT *
FROM `pembayaran`
WHERE `tanggal` >= \'2024-02-21\'
AND `tanggal` <= \'2024-02-28\'', 0)
 2 SYSTEMPATH\Database\BaseConnection.php(693): CodeIgniter\Database\MySQLi\Connection->execute('SELECT *
FROM `pembayaran`
WHERE `tanggal` >= \'2024-02-21\'
AND `tanggal` <= \'2024-02-28\'')
 3 SYSTEMPATH\Database\BaseConnection.php(607): CodeIgniter\Database\BaseConnection->simpleQuery('SELECT *
FROM `pembayaran`
WHERE `tanggal` >= \'2024-02-21\'
AND `tanggal` <= \'2024-02-28\'')
 4 SYSTEMPATH\Database\BaseBuilder.php(1613): CodeIgniter\Database\BaseConnection->query('SELECT *
FROM `pembayaran`
WHERE `tanggal` >= :tanggal:
AND `tanggal` <= :tanggal.1:', [...], false)
 5 APPPATH\Models\M_model.php(327): CodeIgniter\Database\BaseBuilder->get()
 6 APPPATH\Controllers\Home.php(568): App\Models\M_model->filter('pembayaran', '2024-02-21', '2024-02-28')
 7 SYSTEMPATH\CodeIgniter.php(941): App\Controllers\Home->cari_pembayaran()
 8 SYSTEMPATH\CodeIgniter.php(502): CodeIgniter\CodeIgniter->runController(Object(App\Controllers\Home))
 9 SYSTEMPATH\CodeIgniter.php(361): CodeIgniter\CodeIgniter->handleRequest(null, Object(Config\Cache), false)
10 FCPATH\index.php(79): CodeIgniter\CodeIgniter->run()
11 SYSTEMPATH\Commands\Server\rewrite.php(47): require_once('C:\\xampp\\htdocs\\childcare\\public\\index.php')
ERROR - 2024-02-27 05:57:46 --> mysqli_sql_exception: Unknown column 'tanggal' in 'where clause' in C:\xampp\htdocs\childcare\system\Database\MySQLi\Connection.php:306
Stack trace:
#0 C:\xampp\htdocs\childcare\system\Database\MySQLi\Connection.php(306): mysqli->query('SELECT *\nFROM `...', 0)
#1 C:\xampp\htdocs\childcare\system\Database\BaseConnection.php(693): CodeIgniter\Database\MySQLi\Connection->execute('SELECT *\nFROM `...')
#2 C:\xampp\htdocs\childcare\system\Database\BaseConnection.php(607): CodeIgniter\Database\BaseConnection->simpleQuery('SELECT *\nFROM `...')
#3 C:\xampp\htdocs\childcare\system\Database\BaseBuilder.php(1613): CodeIgniter\Database\BaseConnection->query('SELECT *\nFROM `...', Array, false)
#4 C:\xampp\htdocs\childcare\app\Models\M_model.php(327): CodeIgniter\Database\BaseBuilder->get()
#5 C:\xampp\htdocs\childcare\app\Controllers\Home.php(568): App\Models\M_model->filter('pembayaran', '2024-02-21', '2024-02-24')
#6 C:\xampp\htdocs\childcare\system\CodeIgniter.php(941): App\Controllers\Home->cari_pembayaran()
#7 C:\xampp\htdocs\childcare\system\CodeIgniter.php(502): CodeIgniter\CodeIgniter->runController(Object(App\Controllers\Home))
#8 C:\xampp\htdocs\childcare\system\CodeIgniter.php(361): CodeIgniter\CodeIgniter->handleRequest(NULL, Object(Config\Cache), false)
#9 C:\xampp\htdocs\childcare\public\index.php(79): CodeIgniter\CodeIgniter->run()
#10 C:\xampp\htdocs\childcare\system\Commands\Server\rewrite.php(47): require_once('C:\\xampp\\htdocs...')
#11 {main}
CRITICAL - 2024-02-27 05:57:46 --> CodeIgniter\Database\Exceptions\DatabaseException: Unknown column 'tanggal' in 'where clause'
in SYSTEMPATH\Database\BaseConnection.php on line 647.
 1 SYSTEMPATH\Database\BaseBuilder.php(1613): CodeIgniter\Database\BaseConnection->query('SELECT *
FROM `pembayaran`
WHERE `tanggal` >= :tanggal:
AND `tanggal` <= :tanggal.1:', [...], false)
 2 APPPATH\Models\M_model.php(327): CodeIgniter\Database\BaseBuilder->get()
 3 APPPATH\Controllers\Home.php(568): App\Models\M_model->filter('pembayaran', '2024-02-21', '2024-02-24')
 4 SYSTEMPATH\CodeIgniter.php(941): App\Controllers\Home->cari_pembayaran()
 5 SYSTEMPATH\CodeIgniter.php(502): CodeIgniter\CodeIgniter->runController(Object(App\Controllers\Home))
 6 SYSTEMPATH\CodeIgniter.php(361): CodeIgniter\CodeIgniter->handleRequest(null, Object(Config\Cache), false)
 7 FCPATH\index.php(79): CodeIgniter\CodeIgniter->run()
 8 SYSTEMPATH\Commands\Server\rewrite.php(47): require_once('C:\\xampp\\htdocs\\childcare\\public\\index.php')
CRITICAL - 2024-02-27 05:57:46 --> [Caused by] CodeIgniter\Database\Exceptions\DatabaseException: Unknown column 'tanggal' in 'where clause'
in SYSTEMPATH\Database\MySQLi\Connection.php on line 311.
 1 SYSTEMPATH\Database\BaseConnection.php(693): CodeIgniter\Database\MySQLi\Connection->execute('SELECT *
FROM `pembayaran`
WHERE `tanggal` >= \'2024-02-21\'
AND `tanggal` <= \'2024-02-24\'')
 2 SYSTEMPATH\Database\BaseConnection.php(607): CodeIgniter\Database\BaseConnection->simpleQuery('SELECT *
FROM `pembayaran`
WHERE `tanggal` >= \'2024-02-21\'
AND `tanggal` <= \'2024-02-24\'')
 3 SYSTEMPATH\Database\BaseBuilder.php(1613): CodeIgniter\Database\BaseConnection->query('SELECT *
FROM `pembayaran`
WHERE `tanggal` >= :tanggal:
AND `tanggal` <= :tanggal.1:', [...], false)
 4 APPPATH\Models\M_model.php(327): CodeIgniter\Database\BaseBuilder->get()
 5 APPPATH\Controllers\Home.php(568): App\Models\M_model->filter('pembayaran', '2024-02-21', '2024-02-24')
 6 SYSTEMPATH\CodeIgniter.php(941): App\Controllers\Home->cari_pembayaran()
 7 SYSTEMPATH\CodeIgniter.php(502): CodeIgniter\CodeIgniter->runController(Object(App\Controllers\Home))
 8 SYSTEMPATH\CodeIgniter.php(361): CodeIgniter\CodeIgniter->handleRequest(null, Object(Config\Cache), false)
 9 FCPATH\index.php(79): CodeIgniter\CodeIgniter->run()
10 SYSTEMPATH\Commands\Server\rewrite.php(47): require_once('C:\\xampp\\htdocs\\childcare\\public\\index.php')
CRITICAL - 2024-02-27 05:57:46 --> [Caused by] mysqli_sql_exception: Unknown column 'tanggal' in 'where clause'
in SYSTEMPATH\Database\MySQLi\Connection.php on line 306.
 1 SYSTEMPATH\Database\MySQLi\Connection.php(306): mysqli->query('SELECT *
FROM `pembayaran`
WHERE `tanggal` >= \'2024-02-21\'
AND `tanggal` <= \'2024-02-24\'', 0)
 2 SYSTEMPATH\Database\BaseConnection.php(693): CodeIgniter\Database\MySQLi\Connection->execute('SELECT *
FROM `pembayaran`
WHERE `tanggal` >= \'2024-02-21\'
AND `tanggal` <= \'2024-02-24\'')
 3 SYSTEMPATH\Database\BaseConnection.php(607): CodeIgniter\Database\BaseConnection->simpleQuery('SELECT *
FROM `pembayaran`
WHERE `tanggal` >= \'2024-02-21\'
AND `tanggal` <= \'2024-02-24\'')
 4 SYSTEMPATH\Database\BaseBuilder.php(1613): CodeIgniter\Database\BaseConnection->query('SELECT *
FROM `pembayaran`
WHERE `tanggal` >= :tanggal:
AND `tanggal` <= :tanggal.1:', [...], false)
 5 APPPATH\Models\M_model.php(327): CodeIgniter\Database\BaseBuilder->get()
 6 APPPATH\Controllers\Home.php(568): App\Models\M_model->filter('pembayaran', '2024-02-21', '2024-02-24')
 7 SYSTEMPATH\CodeIgniter.php(941): App\Controllers\Home->cari_pembayaran()
 8 SYSTEMPATH\CodeIgniter.php(502): CodeIgniter\CodeIgniter->runController(Object(App\Controllers\Home))
 9 SYSTEMPATH\CodeIgniter.php(361): CodeIgniter\CodeIgniter->handleRequest(null, Object(Config\Cache), false)
10 FCPATH\index.php(79): CodeIgniter\CodeIgniter->run()
11 SYSTEMPATH\Commands\Server\rewrite.php(47): require_once('C:\\xampp\\htdocs\\childcare\\public\\index.php')
ERROR - 2024-02-27 06:03:41 --> mysqli_sql_exception: Unknown column 'tanggal' in 'where clause' in C:\xampp\htdocs\childcare\system\Database\MySQLi\Connection.php:306
Stack trace:
#0 C:\xampp\htdocs\childcare\system\Database\MySQLi\Connection.php(306): mysqli->query('SELECT *\nFROM `...', 0)
#1 C:\xampp\htdocs\childcare\system\Database\BaseConnection.php(693): CodeIgniter\Database\MySQLi\Connection->execute('SELECT *\nFROM `...')
#2 C:\xampp\htdocs\childcare\system\Database\BaseConnection.php(607): CodeIgniter\Database\BaseConnection->simpleQuery('SELECT *\nFROM `...')
#3 C:\xampp\htdocs\childcare\system\Database\BaseBuilder.php(1613): CodeIgniter\Database\BaseConnection->query('SELECT *\nFROM `...', Array, false)
#4 C:\xampp\htdocs\childcare\app\Models\M_model.php(327): CodeIgniter\Database\BaseBuilder->get()
#5 C:\xampp\htdocs\childcare\app\Controllers\Home.php(568): App\Models\M_model->filter('pembayaran', '2024-02-21', '2024-02-24')
#6 C:\xampp\htdocs\childcare\system\CodeIgniter.php(941): App\Controllers\Home->cari_pembayaran()
#7 C:\xampp\htdocs\childcare\system\CodeIgniter.php(502): CodeIgniter\CodeIgniter->runController(Object(App\Controllers\Home))
#8 C:\xampp\htdocs\childcare\system\CodeIgniter.php(361): CodeIgniter\CodeIgniter->handleRequest(NULL, Object(Config\Cache), false)
#9 C:\xampp\htdocs\childcare\public\index.php(79): CodeIgniter\CodeIgniter->run()
#10 C:\xampp\htdocs\childcare\system\Commands\Server\rewrite.php(47): require_once('C:\\xampp\\htdocs...')
#11 {main}
CRITICAL - 2024-02-27 06:03:41 --> CodeIgniter\Database\Exceptions\DatabaseException: Unknown column 'tanggal' in 'where clause'
in SYSTEMPATH\Database\BaseConnection.php on line 647.
 1 SYSTEMPATH\Database\BaseBuilder.php(1613): CodeIgniter\Database\BaseConnection->query('SELECT *
FROM `pembayaran`
WHERE `tanggal` >= :tanggal:
AND `tanggal` <= :tanggal.1:', [...], false)
 2 APPPATH\Models\M_model.php(327): CodeIgniter\Database\BaseBuilder->get()
 3 APPPATH\Controllers\Home.php(568): App\Models\M_model->filter('pembayaran', '2024-02-21', '2024-02-24')
 4 SYSTEMPATH\CodeIgniter.php(941): App\Controllers\Home->cari_pembayaran()
 5 SYSTEMPATH\CodeIgniter.php(502): CodeIgniter\CodeIgniter->runController(Object(App\Controllers\Home))
 6 SYSTEMPATH\CodeIgniter.php(361): CodeIgniter\CodeIgniter->handleRequest(null, Object(Config\Cache), false)
 7 FCPATH\index.php(79): CodeIgniter\CodeIgniter->run()
 8 SYSTEMPATH\Commands\Server\rewrite.php(47): require_once('C:\\xampp\\htdocs\\childcare\\public\\index.php')
CRITICAL - 2024-02-27 06:03:41 --> [Caused by] CodeIgniter\Database\Exceptions\DatabaseException: Unknown column 'tanggal' in 'where clause'
in SYSTEMPATH\Database\MySQLi\Connection.php on line 311.
 1 SYSTEMPATH\Database\BaseConnection.php(693): CodeIgniter\Database\MySQLi\Connection->execute('SELECT *
FROM `pembayaran`
WHERE `tanggal` >= \'2024-02-21\'
AND `tanggal` <= \'2024-02-24\'')
 2 SYSTEMPATH\Database\BaseConnection.php(607): CodeIgniter\Database\BaseConnection->simpleQuery('SELECT *
FROM `pembayaran`
WHERE `tanggal` >= \'2024-02-21\'
AND `tanggal` <= \'2024-02-24\'')
 3 SYSTEMPATH\Database\BaseBuilder.php(1613): CodeIgniter\Database\BaseConnection->query('SELECT *
FROM `pembayaran`
WHERE `tanggal` >= :tanggal:
AND `tanggal` <= :tanggal.1:', [...], false)
 4 APPPATH\Models\M_model.php(327): CodeIgniter\Database\BaseBuilder->get()
 5 APPPATH\Controllers\Home.php(568): App\Models\M_model->filter('pembayaran', '2024-02-21', '2024-02-24')
 6 SYSTEMPATH\CodeIgniter.php(941): App\Controllers\Home->cari_pembayaran()
 7 SYSTEMPATH\CodeIgniter.php(502): CodeIgniter\CodeIgniter->runController(Object(App\Controllers\Home))
 8 SYSTEMPATH\CodeIgniter.php(361): CodeIgniter\CodeIgniter->handleRequest(null, Object(Config\Cache), false)
 9 FCPATH\index.php(79): CodeIgniter\CodeIgniter->run()
10 SYSTEMPATH\Commands\Server\rewrite.php(47): require_once('C:\\xampp\\htdocs\\childcare\\public\\index.php')
CRITICAL - 2024-02-27 06:03:41 --> [Caused by] mysqli_sql_exception: Unknown column 'tanggal' in 'where clause'
in SYSTEMPATH\Database\MySQLi\Connection.php on line 306.
 1 SYSTEMPATH\Database\MySQLi\Connection.php(306): mysqli->query('SELECT *
FROM `pembayaran`
WHERE `tanggal` >= \'2024-02-21\'
AND `tanggal` <= \'2024-02-24\'', 0)
 2 SYSTEMPATH\Database\BaseConnection.php(693): CodeIgniter\Database\MySQLi\Connection->execute('SELECT *
FROM `pembayaran`
WHERE `tanggal` >= \'2024-02-21\'
AND `tanggal` <= \'2024-02-24\'')
 3 SYSTEMPATH\Database\BaseConnection.php(607): CodeIgniter\Database\BaseConnection->simpleQuery('SELECT *
FROM `pembayaran`
WHERE `tanggal` >= \'2024-02-21\'
AND `tanggal` <= \'2024-02-24\'')
 4 SYSTEMPATH\Database\BaseBuilder.php(1613): CodeIgniter\Database\BaseConnection->query('SELECT *
FROM `pembayaran`
WHERE `tanggal` >= :tanggal:
AND `tanggal` <= :tanggal.1:', [...], false)
 5 APPPATH\Models\M_model.php(327): CodeIgniter\Database\BaseBuilder->get()
 6 APPPATH\Controllers\Home.php(568): App\Models\M_model->filter('pembayaran', '2024-02-21', '2024-02-24')
 7 SYSTEMPATH\CodeIgniter.php(941): App\Controllers\Home->cari_pembayaran()
 8 SYSTEMPATH\CodeIgniter.php(502): CodeIgniter\CodeIgniter->runController(Object(App\Controllers\Home))
 9 SYSTEMPATH\CodeIgniter.php(361): CodeIgniter\CodeIgniter->handleRequest(null, Object(Config\Cache), false)
10 FCPATH\index.php(79): CodeIgniter\CodeIgniter->run()
11 SYSTEMPATH\Commands\Server\rewrite.php(47): require_once('C:\\xampp\\htdocs\\childcare\\public\\index.php')
ERROR - 2024-02-27 07:20:06 --> mysqli_sql_exception: Unknown column 'tanggal' in 'where clause' in C:\xampp\htdocs\childcare\system\Database\MySQLi\Connection.php:306
Stack trace:
#0 C:\xampp\htdocs\childcare\system\Database\MySQLi\Connection.php(306): mysqli->query('SELECT *\nFROM `...', 0)
#1 C:\xampp\htdocs\childcare\system\Database\BaseConnection.php(693): CodeIgniter\Database\MySQLi\Connection->execute('SELECT *\nFROM `...')
#2 C:\xampp\htdocs\childcare\system\Database\BaseConnection.php(607): CodeIgniter\Database\BaseConnection->simpleQuery('SELECT *\nFROM `...')
#3 C:\xampp\htdocs\childcare\system\Database\BaseBuilder.php(1613): CodeIgniter\Database\BaseConnection->query('SELECT *\nFROM `...', Array, false)
#4 C:\xampp\htdocs\childcare\app\Models\M_model.php(327): CodeIgniter\Database\BaseBuilder->get()
#5 C:\xampp\htdocs\childcare\app\Controllers\Home.php(589): App\Models\M_model->filter('pembayaran', '2024-02-20', '2024-03-05')
#6 C:\xampp\htdocs\childcare\system\CodeIgniter.php(941): App\Controllers\Home->pdf_pembayaran()
#7 C:\xampp\htdocs\childcare\system\CodeIgniter.php(502): CodeIgniter\CodeIgniter->runController(Object(App\Controllers\Home))
#8 C:\xampp\htdocs\childcare\system\CodeIgniter.php(361): CodeIgniter\CodeIgniter->handleRequest(NULL, Object(Config\Cache), false)
#9 C:\xampp\htdocs\childcare\public\index.php(79): CodeIgniter\CodeIgniter->run()
#10 C:\xampp\htdocs\childcare\system\Commands\Server\rewrite.php(47): require_once('C:\\xampp\\htdocs...')
#11 {main}
CRITICAL - 2024-02-27 07:20:06 --> CodeIgniter\Database\Exceptions\DatabaseException: Unknown column 'tanggal' in 'where clause'
in SYSTEMPATH\Database\BaseConnection.php on line 647.
 1 SYSTEMPATH\Database\BaseBuilder.php(1613): CodeIgniter\Database\BaseConnection->query('SELECT *
FROM `pembayaran`
WHERE `tanggal` >= :tanggal:
AND `tanggal` <= :tanggal.1:', [...], false)
 2 APPPATH\Models\M_model.php(327): CodeIgniter\Database\BaseBuilder->get()
 3 APPPATH\Controllers\Home.php(589): App\Models\M_model->filter('pembayaran', '2024-02-20', '2024-03-05')
 4 SYSTEMPATH\CodeIgniter.php(941): App\Controllers\Home->pdf_pembayaran()
 5 SYSTEMPATH\CodeIgniter.php(502): CodeIgniter\CodeIgniter->runController(Object(App\Controllers\Home))
 6 SYSTEMPATH\CodeIgniter.php(361): CodeIgniter\CodeIgniter->handleRequest(null, Object(Config\Cache), false)
 7 FCPATH\index.php(79): CodeIgniter\CodeIgniter->run()
 8 SYSTEMPATH\Commands\Server\rewrite.php(47): require_once('C:\\xampp\\htdocs\\childcare\\public\\index.php')
CRITICAL - 2024-02-27 07:20:06 --> [Caused by] CodeIgniter\Database\Exceptions\DatabaseException: Unknown column 'tanggal' in 'where clause'
in SYSTEMPATH\Database\MySQLi\Connection.php on line 311.
 1 SYSTEMPATH\Database\BaseConnection.php(693): CodeIgniter\Database\MySQLi\Connection->execute('SELECT *
FROM `pembayaran`
WHERE `tanggal` >= \'2024-02-20\'
AND `tanggal` <= \'2024-03-05\'')
 2 SYSTEMPATH\Database\BaseConnection.php(607): CodeIgniter\Database\BaseConnection->simpleQuery('SELECT *
FROM `pembayaran`
WHERE `tanggal` >= \'2024-02-20\'
AND `tanggal` <= \'2024-03-05\'')
 3 SYSTEMPATH\Database\BaseBuilder.php(1613): CodeIgniter\Database\BaseConnection->query('SELECT *
FROM `pembayaran`
WHERE `tanggal` >= :tanggal:
AND `tanggal` <= :tanggal.1:', [...], false)
 4 APPPATH\Models\M_model.php(327): CodeIgniter\Database\BaseBuilder->get()
 5 APPPATH\Controllers\Home.php(589): App\Models\M_model->filter('pembayaran', '2024-02-20', '2024-03-05')
 6 SYSTEMPATH\CodeIgniter.php(941): App\Controllers\Home->pdf_pembayaran()
 7 SYSTEMPATH\CodeIgniter.php(502): CodeIgniter\CodeIgniter->runController(Object(App\Controllers\Home))
 8 SYSTEMPATH\CodeIgniter.php(361): CodeIgniter\CodeIgniter->handleRequest(null, Object(Config\Cache), false)
 9 FCPATH\index.php(79): CodeIgniter\CodeIgniter->run()
10 SYSTEMPATH\Commands\Server\rewrite.php(47): require_once('C:\\xampp\\htdocs\\childcare\\public\\index.php')
CRITICAL - 2024-02-27 07:20:06 --> [Caused by] mysqli_sql_exception: Unknown column 'tanggal' in 'where clause'
in SYSTEMPATH\Database\MySQLi\Connection.php on line 306.
 1 SYSTEMPATH\Database\MySQLi\Connection.php(306): mysqli->query('SELECT *
FROM `pembayaran`
WHERE `tanggal` >= \'2024-02-20\'
AND `tanggal` <= \'2024-03-05\'', 0)
 2 SYSTEMPATH\Database\BaseConnection.php(693): CodeIgniter\Database\MySQLi\Connection->execute('SELECT *
FROM `pembayaran`
WHERE `tanggal` >= \'2024-02-20\'
AND `tanggal` <= \'2024-03-05\'')
 3 SYSTEMPATH\Database\BaseConnection.php(607): CodeIgniter\Database\BaseConnection->simpleQuery('SELECT *
FROM `pembayaran`
WHERE `tanggal` >= \'2024-02-20\'
AND `tanggal` <= \'2024-03-05\'')
 4 SYSTEMPATH\Database\BaseBuilder.php(1613): CodeIgniter\Database\BaseConnection->query('SELECT *
FROM `pembayaran`
WHERE `tanggal` >= :tanggal:
AND `tanggal` <= :tanggal.1:', [...], false)
 5 APPPATH\Models\M_model.php(327): CodeIgniter\Database\BaseBuilder->get()
 6 APPPATH\Controllers\Home.php(589): App\Models\M_model->filter('pembayaran', '2024-02-20', '2024-03-05')
 7 SYSTEMPATH\CodeIgniter.php(941): App\Controllers\Home->pdf_pembayaran()
 8 SYSTEMPATH\CodeIgniter.php(502): CodeIgniter\CodeIgniter->runController(Object(App\Controllers\Home))
 9 SYSTEMPATH\CodeIgniter.php(361): CodeIgniter\CodeIgniter->handleRequest(null, Object(Config\Cache), false)
10 FCPATH\index.php(79): CodeIgniter\CodeIgniter->run()
11 SYSTEMPATH\Commands\Server\rewrite.php(47): require_once('C:\\xampp\\htdocs\\childcare\\public\\index.php')
ERROR - 2024-02-27 07:27:18 --> mysqli_sql_exception: Unknown column 'tanggal' in 'where clause' in C:\xampp\htdocs\childcare\system\Database\MySQLi\Connection.php:306
Stack trace:
#0 C:\xampp\htdocs\childcare\system\Database\MySQLi\Connection.php(306): mysqli->query('SELECT *\nFROM `...', 0)
#1 C:\xampp\htdocs\childcare\system\Database\BaseConnection.php(693): CodeIgniter\Database\MySQLi\Connection->execute('SELECT *\nFROM `...')
#2 C:\xampp\htdocs\childcare\system\Database\BaseConnection.php(607): CodeIgniter\Database\BaseConnection->simpleQuery('SELECT *\nFROM `...')
#3 C:\xampp\htdocs\childcare\system\Database\BaseBuilder.php(1613): CodeIgniter\Database\BaseConnection->query('SELECT *\nFROM `...', Array, false)
#4 C:\xampp\htdocs\childcare\app\Models\M_model.php(327): CodeIgniter\Database\BaseBuilder->get()
#5 C:\xampp\htdocs\childcare\app\Controllers\Home.php(568): App\Models\M_model->filter('pembayaran', '2024-02-27', '2024-03-08')
#6 C:\xampp\htdocs\childcare\system\CodeIgniter.php(941): App\Controllers\Home->cari_pembayaran()
#7 C:\xampp\htdocs\childcare\system\CodeIgniter.php(502): CodeIgniter\CodeIgniter->runController(Object(App\Controllers\Home))
#8 C:\xampp\htdocs\childcare\system\CodeIgniter.php(361): CodeIgniter\CodeIgniter->handleRequest(NULL, Object(Config\Cache), false)
#9 C:\xampp\htdocs\childcare\public\index.php(79): CodeIgniter\CodeIgniter->run()
#10 C:\xampp\htdocs\childcare\system\Commands\Server\rewrite.php(47): require_once('C:\\xampp\\htdocs...')
#11 {main}
CRITICAL - 2024-02-27 07:27:18 --> CodeIgniter\Database\Exceptions\DatabaseException: Unknown column 'tanggal' in 'where clause'
in SYSTEMPATH\Database\BaseConnection.php on line 647.
 1 SYSTEMPATH\Database\BaseBuilder.php(1613): CodeIgniter\Database\BaseConnection->query('SELECT *
FROM `pembayaran`
WHERE `tanggal` >= :tanggal:
AND `tanggal` <= :tanggal.1:', [...], false)
 2 APPPATH\Models\M_model.php(327): CodeIgniter\Database\BaseBuilder->get()
 3 APPPATH\Controllers\Home.php(568): App\Models\M_model->filter('pembayaran', '2024-02-27', '2024-03-08')
 4 SYSTEMPATH\CodeIgniter.php(941): App\Controllers\Home->cari_pembayaran()
 5 SYSTEMPATH\CodeIgniter.php(502): CodeIgniter\CodeIgniter->runController(Object(App\Controllers\Home))
 6 SYSTEMPATH\CodeIgniter.php(361): CodeIgniter\CodeIgniter->handleRequest(null, Object(Config\Cache), false)
 7 FCPATH\index.php(79): CodeIgniter\CodeIgniter->run()
 8 SYSTEMPATH\Commands\Server\rewrite.php(47): require_once('C:\\xampp\\htdocs\\childcare\\public\\index.php')
CRITICAL - 2024-02-27 07:27:18 --> [Caused by] CodeIgniter\Database\Exceptions\DatabaseException: Unknown column 'tanggal' in 'where clause'
in SYSTEMPATH\Database\MySQLi\Connection.php on line 311.
 1 SYSTEMPATH\Database\BaseConnection.php(693): CodeIgniter\Database\MySQLi\Connection->execute('SELECT *
FROM `pembayaran`
WHERE `tanggal` >= \'2024-02-27\'
AND `tanggal` <= \'2024-03-08\'')
 2 SYSTEMPATH\Database\BaseConnection.php(607): CodeIgniter\Database\BaseConnection->simpleQuery('SELECT *
FROM `pembayaran`
WHERE `tanggal` >= \'2024-02-27\'
AND `tanggal` <= \'2024-03-08\'')
 3 SYSTEMPATH\Database\BaseBuilder.php(1613): CodeIgniter\Database\BaseConnection->query('SELECT *
FROM `pembayaran`
WHERE `tanggal` >= :tanggal:
AND `tanggal` <= :tanggal.1:', [...], false)
 4 APPPATH\Models\M_model.php(327): CodeIgniter\Database\BaseBuilder->get()
 5 APPPATH\Controllers\Home.php(568): App\Models\M_model->filter('pembayaran', '2024-02-27', '2024-03-08')
 6 SYSTEMPATH\CodeIgniter.php(941): App\Controllers\Home->cari_pembayaran()
 7 SYSTEMPATH\CodeIgniter.php(502): CodeIgniter\CodeIgniter->runController(Object(App\Controllers\Home))
 8 SYSTEMPATH\CodeIgniter.php(361): CodeIgniter\CodeIgniter->handleRequest(null, Object(Config\Cache), false)
 9 FCPATH\index.php(79): CodeIgniter\CodeIgniter->run()
10 SYSTEMPATH\Commands\Server\rewrite.php(47): require_once('C:\\xampp\\htdocs\\childcare\\public\\index.php')
CRITICAL - 2024-02-27 07:27:18 --> [Caused by] mysqli_sql_exception: Unknown column 'tanggal' in 'where clause'
in SYSTEMPATH\Database\MySQLi\Connection.php on line 306.
 1 SYSTEMPATH\Database\MySQLi\Connection.php(306): mysqli->query('SELECT *
FROM `pembayaran`
WHERE `tanggal` >= \'2024-02-27\'
AND `tanggal` <= \'2024-03-08\'', 0)
 2 SYSTEMPATH\Database\BaseConnection.php(693): CodeIgniter\Database\MySQLi\Connection->execute('SELECT *
FROM `pembayaran`
WHERE `tanggal` >= \'2024-02-27\'
AND `tanggal` <= \'2024-03-08\'')
 3 SYSTEMPATH\Database\BaseConnection.php(607): CodeIgniter\Database\BaseConnection->simpleQuery('SELECT *
FROM `pembayaran`
WHERE `tanggal` >= \'2024-02-27\'
AND `tanggal` <= \'2024-03-08\'')
 4 SYSTEMPATH\Database\BaseBuilder.php(1613): CodeIgniter\Database\BaseConnection->query('SELECT *
FROM `pembayaran`
WHERE `tanggal` >= :tanggal:
AND `tanggal` <= :tanggal.1:', [...], false)
 5 APPPATH\Models\M_model.php(327): CodeIgniter\Database\BaseBuilder->get()
 6 APPPATH\Controllers\Home.php(568): App\Models\M_model->filter('pembayaran', '2024-02-27', '2024-03-08')
 7 SYSTEMPATH\CodeIgniter.php(941): App\Controllers\Home->cari_pembayaran()
 8 SYSTEMPATH\CodeIgniter.php(502): CodeIgniter\CodeIgniter->runController(Object(App\Controllers\Home))
 9 SYSTEMPATH\CodeIgniter.php(361): CodeIgniter\CodeIgniter->handleRequest(null, Object(Config\Cache), false)
10 FCPATH\index.php(79): CodeIgniter\CodeIgniter->run()
11 SYSTEMPATH\Commands\Server\rewrite.php(47): require_once('C:\\xampp\\htdocs\\childcare\\public\\index.php')
ERROR - 2024-02-27 10:01:01 --> mysqli_sql_exception: Unknown column 'tanggal' in 'where clause' in C:\xampp\htdocs\childcare\system\Database\MySQLi\Connection.php:306
Stack trace:
#0 C:\xampp\htdocs\childcare\system\Database\MySQLi\Connection.php(306): mysqli->query('SELECT *\nFROM `...', 0)
#1 C:\xampp\htdocs\childcare\system\Database\BaseConnection.php(693): CodeIgniter\Database\MySQLi\Connection->execute('SELECT *\nFROM `...')
#2 C:\xampp\htdocs\childcare\system\Database\BaseConnection.php(607): CodeIgniter\Database\BaseConnection->simpleQuery('SELECT *\nFROM `...')
#3 C:\xampp\htdocs\childcare\system\Database\BaseBuilder.php(1613): CodeIgniter\Database\BaseConnection->query('SELECT *\nFROM `...', Array, false)
#4 C:\xampp\htdocs\childcare\app\Models\M_model.php(327): CodeIgniter\Database\BaseBuilder->get()
#5 C:\xampp\htdocs\childcare\app\Controllers\Home.php(589): App\Models\M_model->filter('pembayaran', '2024-02-01', '2024-02-27')
#6 C:\xampp\htdocs\childcare\system\CodeIgniter.php(941): App\Controllers\Home->pdf_pembayaran()
#7 C:\xampp\htdocs\childcare\system\CodeIgniter.php(502): CodeIgniter\CodeIgniter->runController(Object(App\Controllers\Home))
#8 C:\xampp\htdocs\childcare\system\CodeIgniter.php(361): CodeIgniter\CodeIgniter->handleRequest(NULL, Object(Config\Cache), false)
#9 C:\xampp\htdocs\childcare\public\index.php(79): CodeIgniter\CodeIgniter->run()
#10 C:\xampp\htdocs\childcare\system\Commands\Server\rewrite.php(47): require_once('C:\\xampp\\htdocs...')
#11 {main}
CRITICAL - 2024-02-27 10:01:01 --> CodeIgniter\Database\Exceptions\DatabaseException: Unknown column 'tanggal' in 'where clause'
in SYSTEMPATH\Database\BaseConnection.php on line 647.
 1 SYSTEMPATH\Database\BaseBuilder.php(1613): CodeIgniter\Database\BaseConnection->query('SELECT *
FROM `pembayaran`
WHERE `tanggal` >= :tanggal:
AND `tanggal` <= :tanggal.1:', [...], false)
 2 APPPATH\Models\M_model.php(327): CodeIgniter\Database\BaseBuilder->get()
 3 APPPATH\Controllers\Home.php(589): App\Models\M_model->filter('pembayaran', '2024-02-01', '2024-02-27')
 4 SYSTEMPATH\CodeIgniter.php(941): App\Controllers\Home->pdf_pembayaran()
 5 SYSTEMPATH\CodeIgniter.php(502): CodeIgniter\CodeIgniter->runController(Object(App\Controllers\Home))
 6 SYSTEMPATH\CodeIgniter.php(361): CodeIgniter\CodeIgniter->handleRequest(null, Object(Config\Cache), false)
 7 FCPATH\index.php(79): CodeIgniter\CodeIgniter->run()
 8 SYSTEMPATH\Commands\Server\rewrite.php(47): require_once('C:\\xampp\\htdocs\\childcare\\public\\index.php')
CRITICAL - 2024-02-27 10:01:01 --> [Caused by] CodeIgniter\Database\Exceptions\DatabaseException: Unknown column 'tanggal' in 'where clause'
in SYSTEMPATH\Database\MySQLi\Connection.php on line 311.
 1 SYSTEMPATH\Database\BaseConnection.php(693): CodeIgniter\Database\MySQLi\Connection->execute('SELECT *
FROM `pembayaran`
WHERE `tanggal` >= \'2024-02-01\'
AND `tanggal` <= \'2024-02-27\'')
 2 SYSTEMPATH\Database\BaseConnection.php(607): CodeIgniter\Database\BaseConnection->simpleQuery('SELECT *
FROM `pembayaran`
WHERE `tanggal` >= \'2024-02-01\'
AND `tanggal` <= \'2024-02-27\'')
 3 SYSTEMPATH\Database\BaseBuilder.php(1613): CodeIgniter\Database\BaseConnection->query('SELECT *
FROM `pembayaran`
WHERE `tanggal` >= :tanggal:
AND `tanggal` <= :tanggal.1:', [...], false)
 4 APPPATH\Models\M_model.php(327): CodeIgniter\Database\BaseBuilder->get()
 5 APPPATH\Controllers\Home.php(589): App\Models\M_model->filter('pembayaran', '2024-02-01', '2024-02-27')
 6 SYSTEMPATH\CodeIgniter.php(941): App\Controllers\Home->pdf_pembayaran()
 7 SYSTEMPATH\CodeIgniter.php(502): CodeIgniter\CodeIgniter->runController(Object(App\Controllers\Home))
 8 SYSTEMPATH\CodeIgniter.php(361): CodeIgniter\CodeIgniter->handleRequest(null, Object(Config\Cache), false)
 9 FCPATH\index.php(79): CodeIgniter\CodeIgniter->run()
10 SYSTEMPATH\Commands\Server\rewrite.php(47): require_once('C:\\xampp\\htdocs\\childcare\\public\\index.php')
CRITICAL - 2024-02-27 10:01:01 --> [Caused by] mysqli_sql_exception: Unknown column 'tanggal' in 'where clause'
in SYSTEMPATH\Database\MySQLi\Connection.php on line 306.
 1 SYSTEMPATH\Database\MySQLi\Connection.php(306): mysqli->query('SELECT *
FROM `pembayaran`
WHERE `tanggal` >= \'2024-02-01\'
AND `tanggal` <= \'2024-02-27\'', 0)
 2 SYSTEMPATH\Database\BaseConnection.php(693): CodeIgniter\Database\MySQLi\Connection->execute('SELECT *
FROM `pembayaran`
WHERE `tanggal` >= \'2024-02-01\'
AND `tanggal` <= \'2024-02-27\'')
 3 SYSTEMPATH\Database\BaseConnection.php(607): CodeIgniter\Database\BaseConnection->simpleQuery('SELECT *
FROM `pembayaran`
WHERE `tanggal` >= \'2024-02-01\'
AND `tanggal` <= \'2024-02-27\'')
 4 SYSTEMPATH\Database\BaseBuilder.php(1613): CodeIgniter\Database\BaseConnection->query('SELECT *
FROM `pembayaran`
WHERE `tanggal` >= :tanggal:
AND `tanggal` <= :tanggal.1:', [...], false)
 5 APPPATH\Models\M_model.php(327): CodeIgniter\Database\BaseBuilder->get()
 6 APPPATH\Controllers\Home.php(589): App\Models\M_model->filter('pembayaran', '2024-02-01', '2024-02-27')
 7 SYSTEMPATH\CodeIgniter.php(941): App\Controllers\Home->pdf_pembayaran()
 8 SYSTEMPATH\CodeIgniter.php(502): CodeIgniter\CodeIgniter->runController(Object(App\Controllers\Home))
 9 SYSTEMPATH\CodeIgniter.php(361): CodeIgniter\CodeIgniter->handleRequest(null, Object(Config\Cache), false)
10 FCPATH\index.php(79): CodeIgniter\CodeIgniter->run()
11 SYSTEMPATH\Commands\Server\rewrite.php(47): require_once('C:\\xampp\\htdocs\\childcare\\public\\index.php')
ERROR - 2024-02-27 10:02:23 --> mysqli_sql_exception: Unknown column 'tanggal' in 'where clause' in C:\xampp\htdocs\childcare\system\Database\MySQLi\Connection.php:306
Stack trace:
#0 C:\xampp\htdocs\childcare\system\Database\MySQLi\Connection.php(306): mysqli->query('SELECT *\nFROM `...', 0)
#1 C:\xampp\htdocs\childcare\system\Database\BaseConnection.php(693): CodeIgniter\Database\MySQLi\Connection->execute('SELECT *\nFROM `...')
#2 C:\xampp\htdocs\childcare\system\Database\BaseConnection.php(607): CodeIgniter\Database\BaseConnection->simpleQuery('SELECT *\nFROM `...')
#3 C:\xampp\htdocs\childcare\system\Database\BaseBuilder.php(1613): CodeIgniter\Database\BaseConnection->query('SELECT *\nFROM `...', Array, false)
#4 C:\xampp\htdocs\childcare\app\Models\M_model.php(327): CodeIgniter\Database\BaseBuilder->get()
#5 C:\xampp\htdocs\childcare\app\Controllers\Home.php(589): App\Models\M_model->filter('pembayaran', '2024-02-01', '2024-02-27')
#6 C:\xampp\htdocs\childcare\system\CodeIgniter.php(941): App\Controllers\Home->pdf_pembayaran()
#7 C:\xampp\htdocs\childcare\system\CodeIgniter.php(502): CodeIgniter\CodeIgniter->runController(Object(App\Controllers\Home))
#8 C:\xampp\htdocs\childcare\system\CodeIgniter.php(361): CodeIgniter\CodeIgniter->handleRequest(NULL, Object(Config\Cache), false)
#9 C:\xampp\htdocs\childcare\public\index.php(79): CodeIgniter\CodeIgniter->run()
#10 C:\xampp\htdocs\childcare\system\Commands\Server\rewrite.php(47): require_once('C:\\xampp\\htdocs...')
#11 {main}
CRITICAL - 2024-02-27 10:02:23 --> CodeIgniter\Database\Exceptions\DatabaseException: Unknown column 'tanggal' in 'where clause'
in SYSTEMPATH\Database\BaseConnection.php on line 647.
 1 SYSTEMPATH\Database\BaseBuilder.php(1613): CodeIgniter\Database\BaseConnection->query('SELECT *
FROM `pembayaran`
WHERE `tanggal` >= :tanggal:
AND `tanggal` <= :tanggal.1:', [...], false)
 2 APPPATH\Models\M_model.php(327): CodeIgniter\Database\BaseBuilder->get()
 3 APPPATH\Controllers\Home.php(589): App\Models\M_model->filter('pembayaran', '2024-02-01', '2024-02-27')
 4 SYSTEMPATH\CodeIgniter.php(941): App\Controllers\Home->pdf_pembayaran()
 5 SYSTEMPATH\CodeIgniter.php(502): CodeIgniter\CodeIgniter->runController(Object(App\Controllers\Home))
 6 SYSTEMPATH\CodeIgniter.php(361): CodeIgniter\CodeIgniter->handleRequest(null, Object(Config\Cache), false)
 7 FCPATH\index.php(79): CodeIgniter\CodeIgniter->run()
 8 SYSTEMPATH\Commands\Server\rewrite.php(47): require_once('C:\\xampp\\htdocs\\childcare\\public\\index.php')
CRITICAL - 2024-02-27 10:02:23 --> [Caused by] CodeIgniter\Database\Exceptions\DatabaseException: Unknown column 'tanggal' in 'where clause'
in SYSTEMPATH\Database\MySQLi\Connection.php on line 311.
 1 SYSTEMPATH\Database\BaseConnection.php(693): CodeIgniter\Database\MySQLi\Connection->execute('SELECT *
FROM `pembayaran`
WHERE `tanggal` >= \'2024-02-01\'
AND `tanggal` <= \'2024-02-27\'')
 2 SYSTEMPATH\Database\BaseConnection.php(607): CodeIgniter\Database\BaseConnection->simpleQuery('SELECT *
FROM `pembayaran`
WHERE `tanggal` >= \'2024-02-01\'
AND `tanggal` <= \'2024-02-27\'')
 3 SYSTEMPATH\Database\BaseBuilder.php(1613): CodeIgniter\Database\BaseConnection->query('SELECT *
FROM `pembayaran`
WHERE `tanggal` >= :tanggal:
AND `tanggal` <= :tanggal.1:', [...], false)
 4 APPPATH\Models\M_model.php(327): CodeIgniter\Database\BaseBuilder->get()
 5 APPPATH\Controllers\Home.php(589): App\Models\M_model->filter('pembayaran', '2024-02-01', '2024-02-27')
 6 SYSTEMPATH\CodeIgniter.php(941): App\Controllers\Home->pdf_pembayaran()
 7 SYSTEMPATH\CodeIgniter.php(502): CodeIgniter\CodeIgniter->runController(Object(App\Controllers\Home))
 8 SYSTEMPATH\CodeIgniter.php(361): CodeIgniter\CodeIgniter->handleRequest(null, Object(Config\Cache), false)
 9 FCPATH\index.php(79): CodeIgniter\CodeIgniter->run()
10 SYSTEMPATH\Commands\Server\rewrite.php(47): require_once('C:\\xampp\\htdocs\\childcare\\public\\index.php')
CRITICAL - 2024-02-27 10:02:23 --> [Caused by] mysqli_sql_exception: Unknown column 'tanggal' in 'where clause'
in SYSTEMPATH\Database\MySQLi\Connection.php on line 306.
 1 SYSTEMPATH\Database\MySQLi\Connection.php(306): mysqli->query('SELECT *
FROM `pembayaran`
WHERE `tanggal` >= \'2024-02-01\'
AND `tanggal` <= \'2024-02-27\'', 0)
 2 SYSTEMPATH\Database\BaseConnection.php(693): CodeIgniter\Database\MySQLi\Connection->execute('SELECT *
FROM `pembayaran`
WHERE `tanggal` >= \'2024-02-01\'
AND `tanggal` <= \'2024-02-27\'')
 3 SYSTEMPATH\Database\BaseConnection.php(607): CodeIgniter\Database\BaseConnection->simpleQuery('SELECT *
FROM `pembayaran`
WHERE `tanggal` >= \'2024-02-01\'
AND `tanggal` <= \'2024-02-27\'')
 4 SYSTEMPATH\Database\BaseBuilder.php(1613): CodeIgniter\Database\BaseConnection->query('SELECT *
FROM `pembayaran`
WHERE `tanggal` >= :tanggal:
AND `tanggal` <= :tanggal.1:', [...], false)
 5 APPPATH\Models\M_model.php(327): CodeIgniter\Database\BaseBuilder->get()
 6 APPPATH\Controllers\Home.php(589): App\Models\M_model->filter('pembayaran', '2024-02-01', '2024-02-27')
 7 SYSTEMPATH\CodeIgniter.php(941): App\Controllers\Home->pdf_pembayaran()
 8 SYSTEMPATH\CodeIgniter.php(502): CodeIgniter\CodeIgniter->runController(Object(App\Controllers\Home))
 9 SYSTEMPATH\CodeIgniter.php(361): CodeIgniter\CodeIgniter->handleRequest(null, Object(Config\Cache), false)
10 FCPATH\index.php(79): CodeIgniter\CodeIgniter->run()
11 SYSTEMPATH\Commands\Server\rewrite.php(47): require_once('C:\\xampp\\htdocs\\childcare\\public\\index.php')
ERROR - 2024-02-27 10:07:32 --> mysqli_sql_exception: Unknown column 'tanggal' in 'where clause' in C:\xampp\htdocs\childcare\system\Database\MySQLi\Connection.php:306
Stack trace:
#0 C:\xampp\htdocs\childcare\system\Database\MySQLi\Connection.php(306): mysqli->query('SELECT *\nFROM `...', 0)
#1 C:\xampp\htdocs\childcare\system\Database\BaseConnection.php(693): CodeIgniter\Database\MySQLi\Connection->execute('SELECT *\nFROM `...')
#2 C:\xampp\htdocs\childcare\system\Database\BaseConnection.php(607): CodeIgniter\Database\BaseConnection->simpleQuery('SELECT *\nFROM `...')
#3 C:\xampp\htdocs\childcare\system\Database\BaseBuilder.php(1613): CodeIgniter\Database\BaseConnection->query('SELECT *\nFROM `...', Array, false)
#4 C:\xampp\htdocs\childcare\app\Models\M_model.php(327): CodeIgniter\Database\BaseBuilder->get()
#5 C:\xampp\htdocs\childcare\app\Controllers\Home.php(589): App\Models\M_model->filter('pembayaran', '2024-02-01', '2024-02-27')
#6 C:\xampp\htdocs\childcare\system\CodeIgniter.php(941): App\Controllers\Home->pdf_pembayaran()
#7 C:\xampp\htdocs\childcare\system\CodeIgniter.php(502): CodeIgniter\CodeIgniter->runController(Object(App\Controllers\Home))
#8 C:\xampp\htdocs\childcare\system\CodeIgniter.php(361): CodeIgniter\CodeIgniter->handleRequest(NULL, Object(Config\Cache), false)
#9 C:\xampp\htdocs\childcare\public\index.php(79): CodeIgniter\CodeIgniter->run()
#10 C:\xampp\htdocs\childcare\system\Commands\Server\rewrite.php(47): require_once('C:\\xampp\\htdocs...')
#11 {main}
CRITICAL - 2024-02-27 10:07:32 --> CodeIgniter\Database\Exceptions\DatabaseException: Unknown column 'tanggal' in 'where clause'
in SYSTEMPATH\Database\BaseConnection.php on line 647.
 1 SYSTEMPATH\Database\BaseBuilder.php(1613): CodeIgniter\Database\BaseConnection->query('SELECT *
FROM `pembayaran`
WHERE `tanggal` >= :tanggal:
AND `tanggal` <= :tanggal.1:', [...], false)
 2 APPPATH\Models\M_model.php(327): CodeIgniter\Database\BaseBuilder->get()
 3 APPPATH\Controllers\Home.php(589): App\Models\M_model->filter('pembayaran', '2024-02-01', '2024-02-27')
 4 SYSTEMPATH\CodeIgniter.php(941): App\Controllers\Home->pdf_pembayaran()
 5 SYSTEMPATH\CodeIgniter.php(502): CodeIgniter\CodeIgniter->runController(Object(App\Controllers\Home))
 6 SYSTEMPATH\CodeIgniter.php(361): CodeIgniter\CodeIgniter->handleRequest(null, Object(Config\Cache), false)
 7 FCPATH\index.php(79): CodeIgniter\CodeIgniter->run()
 8 SYSTEMPATH\Commands\Server\rewrite.php(47): require_once('C:\\xampp\\htdocs\\childcare\\public\\index.php')
CRITICAL - 2024-02-27 10:07:32 --> [Caused by] CodeIgniter\Database\Exceptions\DatabaseException: Unknown column 'tanggal' in 'where clause'
in SYSTEMPATH\Database\MySQLi\Connection.php on line 311.
 1 SYSTEMPATH\Database\BaseConnection.php(693): CodeIgniter\Database\MySQLi\Connection->execute('SELECT *
FROM `pembayaran`
WHERE `tanggal` >= \'2024-02-01\'
AND `tanggal` <= \'2024-02-27\'')
 2 SYSTEMPATH\Database\BaseConnection.php(607): CodeIgniter\Database\BaseConnection->simpleQuery('SELECT *
FROM `pembayaran`
WHERE `tanggal` >= \'2024-02-01\'
AND `tanggal` <= \'2024-02-27\'')
 3 SYSTEMPATH\Database\BaseBuilder.php(1613): CodeIgniter\Database\BaseConnection->query('SELECT *
FROM `pembayaran`
WHERE `tanggal` >= :tanggal:
AND `tanggal` <= :tanggal.1:', [...], false)
 4 APPPATH\Models\M_model.php(327): CodeIgniter\Database\BaseBuilder->get()
 5 APPPATH\Controllers\Home.php(589): App\Models\M_model->filter('pembayaran', '2024-02-01', '2024-02-27')
 6 SYSTEMPATH\CodeIgniter.php(941): App\Controllers\Home->pdf_pembayaran()
 7 SYSTEMPATH\CodeIgniter.php(502): CodeIgniter\CodeIgniter->runController(Object(App\Controllers\Home))
 8 SYSTEMPATH\CodeIgniter.php(361): CodeIgniter\CodeIgniter->handleRequest(null, Object(Config\Cache), false)
 9 FCPATH\index.php(79): CodeIgniter\CodeIgniter->run()
10 SYSTEMPATH\Commands\Server\rewrite.php(47): require_once('C:\\xampp\\htdocs\\childcare\\public\\index.php')
CRITICAL - 2024-02-27 10:07:32 --> [Caused by] mysqli_sql_exception: Unknown column 'tanggal' in 'where clause'
in SYSTEMPATH\Database\MySQLi\Connection.php on line 306.
 1 SYSTEMPATH\Database\MySQLi\Connection.php(306): mysqli->query('SELECT *
FROM `pembayaran`
WHERE `tanggal` >= \'2024-02-01\'
AND `tanggal` <= \'2024-02-27\'', 0)
 2 SYSTEMPATH\Database\BaseConnection.php(693): CodeIgniter\Database\MySQLi\Connection->execute('SELECT *
FROM `pembayaran`
WHERE `tanggal` >= \'2024-02-01\'
AND `tanggal` <= \'2024-02-27\'')
 3 SYSTEMPATH\Database\BaseConnection.php(607): CodeIgniter\Database\BaseConnection->simpleQuery('SELECT *
FROM `pembayaran`
WHERE `tanggal` >= \'2024-02-01\'
AND `tanggal` <= \'2024-02-27\'')
 4 SYSTEMPATH\Database\BaseBuilder.php(1613): CodeIgniter\Database\BaseConnection->query('SELECT *
FROM `pembayaran`
WHERE `tanggal` >= :tanggal:
AND `tanggal` <= :tanggal.1:', [...], false)
 5 APPPATH\Models\M_model.php(327): CodeIgniter\Database\BaseBuilder->get()
 6 APPPATH\Controllers\Home.php(589): App\Models\M_model->filter('pembayaran', '2024-02-01', '2024-02-27')
 7 SYSTEMPATH\CodeIgniter.php(941): App\Controllers\Home->pdf_pembayaran()
 8 SYSTEMPATH\CodeIgniter.php(502): CodeIgniter\CodeIgniter->runController(Object(App\Controllers\Home))
 9 SYSTEMPATH\CodeIgniter.php(361): CodeIgniter\CodeIgniter->handleRequest(null, Object(Config\Cache), false)
10 FCPATH\index.php(79): CodeIgniter\CodeIgniter->run()
11 SYSTEMPATH\Commands\Server\rewrite.php(47): require_once('C:\\xampp\\htdocs\\childcare\\public\\index.php')
ERROR - 2024-02-27 10:07:45 --> mysqli_sql_exception: Unknown column 'tanggal' in 'where clause' in C:\xampp\htdocs\childcare\system\Database\MySQLi\Connection.php:306
Stack trace:
#0 C:\xampp\htdocs\childcare\system\Database\MySQLi\Connection.php(306): mysqli->query('SELECT *\nFROM `...', 0)
#1 C:\xampp\htdocs\childcare\system\Database\BaseConnection.php(693): CodeIgniter\Database\MySQLi\Connection->execute('SELECT *\nFROM `...')
#2 C:\xampp\htdocs\childcare\system\Database\BaseConnection.php(607): CodeIgniter\Database\BaseConnection->simpleQuery('SELECT *\nFROM `...')
#3 C:\xampp\htdocs\childcare\system\Database\BaseBuilder.php(1613): CodeIgniter\Database\BaseConnection->query('SELECT *\nFROM `...', Array, false)
#4 C:\xampp\htdocs\childcare\app\Models\M_model.php(327): CodeIgniter\Database\BaseBuilder->get()
#5 C:\xampp\htdocs\childcare\app\Controllers\Home.php(568): App\Models\M_model->filter('pembayaran', '2024-02-08', '2024-02-27')
#6 C:\xampp\htdocs\childcare\system\CodeIgniter.php(941): App\Controllers\Home->cari_pembayaran()
#7 C:\xampp\htdocs\childcare\system\CodeIgniter.php(502): CodeIgniter\CodeIgniter->runController(Object(App\Controllers\Home))
#8 C:\xampp\htdocs\childcare\system\CodeIgniter.php(361): CodeIgniter\CodeIgniter->handleRequest(NULL, Object(Config\Cache), false)
#9 C:\xampp\htdocs\childcare\public\index.php(79): CodeIgniter\CodeIgniter->run()
#10 C:\xampp\htdocs\childcare\system\Commands\Server\rewrite.php(47): require_once('C:\\xampp\\htdocs...')
#11 {main}
CRITICAL - 2024-02-27 10:07:45 --> CodeIgniter\Database\Exceptions\DatabaseException: Unknown column 'tanggal' in 'where clause'
in SYSTEMPATH\Database\BaseConnection.php on line 647.
 1 SYSTEMPATH\Database\BaseBuilder.php(1613): CodeIgniter\Database\BaseConnection->query('SELECT *
FROM `pembayaran`
WHERE `tanggal` >= :tanggal:
AND `tanggal` <= :tanggal.1:', [...], false)
 2 APPPATH\Models\M_model.php(327): CodeIgniter\Database\BaseBuilder->get()
 3 APPPATH\Controllers\Home.php(568): App\Models\M_model->filter('pembayaran', '2024-02-08', '2024-02-27')
 4 SYSTEMPATH\CodeIgniter.php(941): App\Controllers\Home->cari_pembayaran()
 5 SYSTEMPATH\CodeIgniter.php(502): CodeIgniter\CodeIgniter->runController(Object(App\Controllers\Home))
 6 SYSTEMPATH\CodeIgniter.php(361): CodeIgniter\CodeIgniter->handleRequest(null, Object(Config\Cache), false)
 7 FCPATH\index.php(79): CodeIgniter\CodeIgniter->run()
 8 SYSTEMPATH\Commands\Server\rewrite.php(47): require_once('C:\\xampp\\htdocs\\childcare\\public\\index.php')
CRITICAL - 2024-02-27 10:07:45 --> [Caused by] CodeIgniter\Database\Exceptions\DatabaseException: Unknown column 'tanggal' in 'where clause'
in SYSTEMPATH\Database\MySQLi\Connection.php on line 311.
 1 SYSTEMPATH\Database\BaseConnection.php(693): CodeIgniter\Database\MySQLi\Connection->execute('SELECT *
FROM `pembayaran`
WHERE `tanggal` >= \'2024-02-08\'
AND `tanggal` <= \'2024-02-27\'')
 2 SYSTEMPATH\Database\BaseConnection.php(607): CodeIgniter\Database\BaseConnection->simpleQuery('SELECT *
FROM `pembayaran`
WHERE `tanggal` >= \'2024-02-08\'
AND `tanggal` <= \'2024-02-27\'')
 3 SYSTEMPATH\Database\BaseBuilder.php(1613): CodeIgniter\Database\BaseConnection->query('SELECT *
FROM `pembayaran`
WHERE `tanggal` >= :tanggal:
AND `tanggal` <= :tanggal.1:', [...], false)
 4 APPPATH\Models\M_model.php(327): CodeIgniter\Database\BaseBuilder->get()
 5 APPPATH\Controllers\Home.php(568): App\Models\M_model->filter('pembayaran', '2024-02-08', '2024-02-27')
 6 SYSTEMPATH\CodeIgniter.php(941): App\Controllers\Home->cari_pembayaran()
 7 SYSTEMPATH\CodeIgniter.php(502): CodeIgniter\CodeIgniter->runController(Object(App\Controllers\Home))
 8 SYSTEMPATH\CodeIgniter.php(361): CodeIgniter\CodeIgniter->handleRequest(null, Object(Config\Cache), false)
 9 FCPATH\index.php(79): CodeIgniter\CodeIgniter->run()
10 SYSTEMPATH\Commands\Server\rewrite.php(47): require_once('C:\\xampp\\htdocs\\childcare\\public\\index.php')
CRITICAL - 2024-02-27 10:07:45 --> [Caused by] mysqli_sql_exception: Unknown column 'tanggal' in 'where clause'
in SYSTEMPATH\Database\MySQLi\Connection.php on line 306.
 1 SYSTEMPATH\Database\MySQLi\Connection.php(306): mysqli->query('SELECT *
FROM `pembayaran`
WHERE `tanggal` >= \'2024-02-08\'
AND `tanggal` <= \'2024-02-27\'', 0)
 2 SYSTEMPATH\Database\BaseConnection.php(693): CodeIgniter\Database\MySQLi\Connection->execute('SELECT *
FROM `pembayaran`
WHERE `tanggal` >= \'2024-02-08\'
AND `tanggal` <= \'2024-02-27\'')
 3 SYSTEMPATH\Database\BaseConnection.php(607): CodeIgniter\Database\BaseConnection->simpleQuery('SELECT *
FROM `pembayaran`
WHERE `tanggal` >= \'2024-02-08\'
AND `tanggal` <= \'2024-02-27\'')
 4 SYSTEMPATH\Database\BaseBuilder.php(1613): CodeIgniter\Database\BaseConnection->query('SELECT *
FROM `pembayaran`
WHERE `tanggal` >= :tanggal:
AND `tanggal` <= :tanggal.1:', [...], false)
 5 APPPATH\Models\M_model.php(327): CodeIgniter\Database\BaseBuilder->get()
 6 APPPATH\Controllers\Home.php(568): App\Models\M_model->filter('pembayaran', '2024-02-08', '2024-02-27')
 7 SYSTEMPATH\CodeIgniter.php(941): App\Controllers\Home->cari_pembayaran()
 8 SYSTEMPATH\CodeIgniter.php(502): CodeIgniter\CodeIgniter->runController(Object(App\Controllers\Home))
 9 SYSTEMPATH\CodeIgniter.php(361): CodeIgniter\CodeIgniter->handleRequest(null, Object(Config\Cache), false)
10 FCPATH\index.php(79): CodeIgniter\CodeIgniter->run()
11 SYSTEMPATH\Commands\Server\rewrite.php(47): require_once('C:\\xampp\\htdocs\\childcare\\public\\index.php')
ERROR - 2024-02-27 10:10:07 --> mysqli_sql_exception: Unknown column 'tanggal' in 'where clause' in C:\xampp\htdocs\childcare\system\Database\MySQLi\Connection.php:306
Stack trace:
#0 C:\xampp\htdocs\childcare\system\Database\MySQLi\Connection.php(306): mysqli->query('SELECT *\nFROM `...', 0)
#1 C:\xampp\htdocs\childcare\system\Database\BaseConnection.php(693): CodeIgniter\Database\MySQLi\Connection->execute('SELECT *\nFROM `...')
#2 C:\xampp\htdocs\childcare\system\Database\BaseConnection.php(607): CodeIgniter\Database\BaseConnection->simpleQuery('SELECT *\nFROM `...')
#3 C:\xampp\htdocs\childcare\system\Database\BaseBuilder.php(1613): CodeIgniter\Database\BaseConnection->query('SELECT *\nFROM `...', Array, false)
#4 C:\xampp\htdocs\childcare\app\Models\M_model.php(327): CodeIgniter\Database\BaseBuilder->get()
#5 C:\xampp\htdocs\childcare\app\Controllers\Home.php(568): App\Models\M_model->filter('pembayaran', '2024-02-08', '2024-02-27')
#6 C:\xampp\htdocs\childcare\system\CodeIgniter.php(941): App\Controllers\Home->cari_pembayaran()
#7 C:\xampp\htdocs\childcare\system\CodeIgniter.php(502): CodeIgniter\CodeIgniter->runController(Object(App\Controllers\Home))
#8 C:\xampp\htdocs\childcare\system\CodeIgniter.php(361): CodeIgniter\CodeIgniter->handleRequest(NULL, Object(Config\Cache), false)
#9 C:\xampp\htdocs\childcare\public\index.php(79): CodeIgniter\CodeIgniter->run()
#10 C:\xampp\htdocs\childcare\system\Commands\Server\rewrite.php(47): require_once('C:\\xampp\\htdocs...')
#11 {main}
CRITICAL - 2024-02-27 10:10:07 --> CodeIgniter\Database\Exceptions\DatabaseException: Unknown column 'tanggal' in 'where clause'
in SYSTEMPATH\Database\BaseConnection.php on line 647.
 1 SYSTEMPATH\Database\BaseBuilder.php(1613): CodeIgniter\Database\BaseConnection->query('SELECT *
FROM `pembayaran`
WHERE `tanggal` >= :tanggal:
AND `tanggal` <= :tanggal.1:', [...], false)
 2 APPPATH\Models\M_model.php(327): CodeIgniter\Database\BaseBuilder->get()
 3 APPPATH\Controllers\Home.php(568): App\Models\M_model->filter('pembayaran', '2024-02-08', '2024-02-27')
 4 SYSTEMPATH\CodeIgniter.php(941): App\Controllers\Home->cari_pembayaran()
 5 SYSTEMPATH\CodeIgniter.php(502): CodeIgniter\CodeIgniter->runController(Object(App\Controllers\Home))
 6 SYSTEMPATH\CodeIgniter.php(361): CodeIgniter\CodeIgniter->handleRequest(null, Object(Config\Cache), false)
 7 FCPATH\index.php(79): CodeIgniter\CodeIgniter->run()
 8 SYSTEMPATH\Commands\Server\rewrite.php(47): require_once('C:\\xampp\\htdocs\\childcare\\public\\index.php')
CRITICAL - 2024-02-27 10:10:07 --> [Caused by] CodeIgniter\Database\Exceptions\DatabaseException: Unknown column 'tanggal' in 'where clause'
in SYSTEMPATH\Database\MySQLi\Connection.php on line 311.
 1 SYSTEMPATH\Database\BaseConnection.php(693): CodeIgniter\Database\MySQLi\Connection->execute('SELECT *
FROM `pembayaran`
WHERE `tanggal` >= \'2024-02-08\'
AND `tanggal` <= \'2024-02-27\'')
 2 SYSTEMPATH\Database\BaseConnection.php(607): CodeIgniter\Database\BaseConnection->simpleQuery('SELECT *
FROM `pembayaran`
WHERE `tanggal` >= \'2024-02-08\'
AND `tanggal` <= \'2024-02-27\'')
 3 SYSTEMPATH\Database\BaseBuilder.php(1613): CodeIgniter\Database\BaseConnection->query('SELECT *
FROM `pembayaran`
WHERE `tanggal` >= :tanggal:
AND `tanggal` <= :tanggal.1:', [...], false)
 4 APPPATH\Models\M_model.php(327): CodeIgniter\Database\BaseBuilder->get()
 5 APPPATH\Controllers\Home.php(568): App\Models\M_model->filter('pembayaran', '2024-02-08', '2024-02-27')
 6 SYSTEMPATH\CodeIgniter.php(941): App\Controllers\Home->cari_pembayaran()
 7 SYSTEMPATH\CodeIgniter.php(502): CodeIgniter\CodeIgniter->runController(Object(App\Controllers\Home))
 8 SYSTEMPATH\CodeIgniter.php(361): CodeIgniter\CodeIgniter->handleRequest(null, Object(Config\Cache), false)
 9 FCPATH\index.php(79): CodeIgniter\CodeIgniter->run()
10 SYSTEMPATH\Commands\Server\rewrite.php(47): require_once('C:\\xampp\\htdocs\\childcare\\public\\index.php')
CRITICAL - 2024-02-27 10:10:07 --> [Caused by] mysqli_sql_exception: Unknown column 'tanggal' in 'where clause'
in SYSTEMPATH\Database\MySQLi\Connection.php on line 306.
 1 SYSTEMPATH\Database\MySQLi\Connection.php(306): mysqli->query('SELECT *
FROM `pembayaran`
WHERE `tanggal` >= \'2024-02-08\'
AND `tanggal` <= \'2024-02-27\'', 0)
 2 SYSTEMPATH\Database\BaseConnection.php(693): CodeIgniter\Database\MySQLi\Connection->execute('SELECT *
FROM `pembayaran`
WHERE `tanggal` >= \'2024-02-08\'
AND `tanggal` <= \'2024-02-27\'')
 3 SYSTEMPATH\Database\BaseConnection.php(607): CodeIgniter\Database\BaseConnection->simpleQuery('SELECT *
FROM `pembayaran`
WHERE `tanggal` >= \'2024-02-08\'
AND `tanggal` <= \'2024-02-27\'')
 4 SYSTEMPATH\Database\BaseBuilder.php(1613): CodeIgniter\Database\BaseConnection->query('SELECT *
FROM `pembayaran`
WHERE `tanggal` >= :tanggal:
AND `tanggal` <= :tanggal.1:', [...], false)
 5 APPPATH\Models\M_model.php(327): CodeIgniter\Database\BaseBuilder->get()
 6 APPPATH\Controllers\Home.php(568): App\Models\M_model->filter('pembayaran', '2024-02-08', '2024-02-27')
 7 SYSTEMPATH\CodeIgniter.php(941): App\Controllers\Home->cari_pembayaran()
 8 SYSTEMPATH\CodeIgniter.php(502): CodeIgniter\CodeIgniter->runController(Object(App\Controllers\Home))
 9 SYSTEMPATH\CodeIgniter.php(361): CodeIgniter\CodeIgniter->handleRequest(null, Object(Config\Cache), false)
10 FCPATH\index.php(79): CodeIgniter\CodeIgniter->run()
11 SYSTEMPATH\Commands\Server\rewrite.php(47): require_once('C:\\xampp\\htdocs\\childcare\\public\\index.php')
ERROR - 2024-02-27 10:10:58 --> mysqli_sql_exception: Unknown column 'tanggal' in 'where clause' in C:\xampp\htdocs\childcare\system\Database\MySQLi\Connection.php:306
Stack trace:
#0 C:\xampp\htdocs\childcare\system\Database\MySQLi\Connection.php(306): mysqli->query('SELECT *\nFROM `...', 0)
#1 C:\xampp\htdocs\childcare\system\Database\BaseConnection.php(693): CodeIgniter\Database\MySQLi\Connection->execute('SELECT *\nFROM `...')
#2 C:\xampp\htdocs\childcare\system\Database\BaseConnection.php(607): CodeIgniter\Database\BaseConnection->simpleQuery('SELECT *\nFROM `...')
#3 C:\xampp\htdocs\childcare\system\Database\BaseBuilder.php(1613): CodeIgniter\Database\BaseConnection->query('SELECT *\nFROM `...', Array, false)
#4 C:\xampp\htdocs\childcare\app\Models\M_model.php(327): CodeIgniter\Database\BaseBuilder->get()
#5 C:\xampp\htdocs\childcare\app\Controllers\Home.php(568): App\Models\M_model->filter('pembayaran', '2024-02-08', '2024-02-27')
#6 C:\xampp\htdocs\childcare\system\CodeIgniter.php(941): App\Controllers\Home->cari_pembayaran()
#7 C:\xampp\htdocs\childcare\system\CodeIgniter.php(502): CodeIgniter\CodeIgniter->runController(Object(App\Controllers\Home))
#8 C:\xampp\htdocs\childcare\system\CodeIgniter.php(361): CodeIgniter\CodeIgniter->handleRequest(NULL, Object(Config\Cache), false)
#9 C:\xampp\htdocs\childcare\public\index.php(79): CodeIgniter\CodeIgniter->run()
#10 C:\xampp\htdocs\childcare\system\Commands\Server\rewrite.php(47): require_once('C:\\xampp\\htdocs...')
#11 {main}
CRITICAL - 2024-02-27 10:10:58 --> CodeIgniter\Database\Exceptions\DatabaseException: Unknown column 'tanggal' in 'where clause'
in SYSTEMPATH\Database\BaseConnection.php on line 647.
 1 SYSTEMPATH\Database\BaseBuilder.php(1613): CodeIgniter\Database\BaseConnection->query('SELECT *
FROM `pembayaran`
WHERE `tanggal` >= :tanggal:
AND `tanggal` <= :tanggal.1:', [...], false)
 2 APPPATH\Models\M_model.php(327): CodeIgniter\Database\BaseBuilder->get()
 3 APPPATH\Controllers\Home.php(568): App\Models\M_model->filter('pembayaran', '2024-02-08', '2024-02-27')
 4 SYSTEMPATH\CodeIgniter.php(941): App\Controllers\Home->cari_pembayaran()
 5 SYSTEMPATH\CodeIgniter.php(502): CodeIgniter\CodeIgniter->runController(Object(App\Controllers\Home))
 6 SYSTEMPATH\CodeIgniter.php(361): CodeIgniter\CodeIgniter->handleRequest(null, Object(Config\Cache), false)
 7 FCPATH\index.php(79): CodeIgniter\CodeIgniter->run()
 8 SYSTEMPATH\Commands\Server\rewrite.php(47): require_once('C:\\xampp\\htdocs\\childcare\\public\\index.php')
CRITICAL - 2024-02-27 10:10:58 --> [Caused by] CodeIgniter\Database\Exceptions\DatabaseException: Unknown column 'tanggal' in 'where clause'
in SYSTEMPATH\Database\MySQLi\Connection.php on line 311.
 1 SYSTEMPATH\Database\BaseConnection.php(693): CodeIgniter\Database\MySQLi\Connection->execute('SELECT *
FROM `pembayaran`
WHERE `tanggal` >= \'2024-02-08\'
AND `tanggal` <= \'2024-02-27\'')
 2 SYSTEMPATH\Database\BaseConnection.php(607): CodeIgniter\Database\BaseConnection->simpleQuery('SELECT *
FROM `pembayaran`
WHERE `tanggal` >= \'2024-02-08\'
AND `tanggal` <= \'2024-02-27\'')
 3 SYSTEMPATH\Database\BaseBuilder.php(1613): CodeIgniter\Database\BaseConnection->query('SELECT *
FROM `pembayaran`
WHERE `tanggal` >= :tanggal:
AND `tanggal` <= :tanggal.1:', [...], false)
 4 APPPATH\Models\M_model.php(327): CodeIgniter\Database\BaseBuilder->get()
 5 APPPATH\Controllers\Home.php(568): App\Models\M_model->filter('pembayaran', '2024-02-08', '2024-02-27')
 6 SYSTEMPATH\CodeIgniter.php(941): App\Controllers\Home->cari_pembayaran()
 7 SYSTEMPATH\CodeIgniter.php(502): CodeIgniter\CodeIgniter->runController(Object(App\Controllers\Home))
 8 SYSTEMPATH\CodeIgniter.php(361): CodeIgniter\CodeIgniter->handleRequest(null, Object(Config\Cache), false)
 9 FCPATH\index.php(79): CodeIgniter\CodeIgniter->run()
10 SYSTEMPATH\Commands\Server\rewrite.php(47): require_once('C:\\xampp\\htdocs\\childcare\\public\\index.php')
CRITICAL - 2024-02-27 10:10:58 --> [Caused by] mysqli_sql_exception: Unknown column 'tanggal' in 'where clause'
in SYSTEMPATH\Database\MySQLi\Connection.php on line 306.
 1 SYSTEMPATH\Database\MySQLi\Connection.php(306): mysqli->query('SELECT *
FROM `pembayaran`
WHERE `tanggal` >= \'2024-02-08\'
AND `tanggal` <= \'2024-02-27\'', 0)
 2 SYSTEMPATH\Database\BaseConnection.php(693): CodeIgniter\Database\MySQLi\Connection->execute('SELECT *
FROM `pembayaran`
WHERE `tanggal` >= \'2024-02-08\'
AND `tanggal` <= \'2024-02-27\'')
 3 SYSTEMPATH\Database\BaseConnection.php(607): CodeIgniter\Database\BaseConnection->simpleQuery('SELECT *
FROM `pembayaran`
WHERE `tanggal` >= \'2024-02-08\'
AND `tanggal` <= \'2024-02-27\'')
 4 SYSTEMPATH\Database\BaseBuilder.php(1613): CodeIgniter\Database\BaseConnection->query('SELECT *
FROM `pembayaran`
WHERE `tanggal` >= :tanggal:
AND `tanggal` <= :tanggal.1:', [...], false)
 5 APPPATH\Models\M_model.php(327): CodeIgniter\Database\BaseBuilder->get()
 6 APPPATH\Controllers\Home.php(568): App\Models\M_model->filter('pembayaran', '2024-02-08', '2024-02-27')
 7 SYSTEMPATH\CodeIgniter.php(941): App\Controllers\Home->cari_pembayaran()
 8 SYSTEMPATH\CodeIgniter.php(502): CodeIgniter\CodeIgniter->runController(Object(App\Controllers\Home))
 9 SYSTEMPATH\CodeIgniter.php(361): CodeIgniter\CodeIgniter->handleRequest(null, Object(Config\Cache), false)
10 FCPATH\index.php(79): CodeIgniter\CodeIgniter->run()
11 SYSTEMPATH\Commands\Server\rewrite.php(47): require_once('C:\\xampp\\htdocs\\childcare\\public\\index.php')
ERROR - 2024-02-27 10:11:07 --> mysqli_sql_exception: Unknown column 'tanggal' in 'where clause' in C:\xampp\htdocs\childcare\system\Database\MySQLi\Connection.php:306
Stack trace:
#0 C:\xampp\htdocs\childcare\system\Database\MySQLi\Connection.php(306): mysqli->query('SELECT *\nFROM `...', 0)
#1 C:\xampp\htdocs\childcare\system\Database\BaseConnection.php(693): CodeIgniter\Database\MySQLi\Connection->execute('SELECT *\nFROM `...')
#2 C:\xampp\htdocs\childcare\system\Database\BaseConnection.php(607): CodeIgniter\Database\BaseConnection->simpleQuery('SELECT *\nFROM `...')
#3 C:\xampp\htdocs\childcare\system\Database\BaseBuilder.php(1613): CodeIgniter\Database\BaseConnection->query('SELECT *\nFROM `...', Array, false)
#4 C:\xampp\htdocs\childcare\app\Models\M_model.php(327): CodeIgniter\Database\BaseBuilder->get()
#5 C:\xampp\htdocs\childcare\app\Controllers\Home.php(568): App\Models\M_model->filter('pembayaran', '2024-02-20', '2024-02-27')
#6 C:\xampp\htdocs\childcare\system\CodeIgniter.php(941): App\Controllers\Home->cari_pembayaran()
#7 C:\xampp\htdocs\childcare\system\CodeIgniter.php(502): CodeIgniter\CodeIgniter->runController(Object(App\Controllers\Home))
#8 C:\xampp\htdocs\childcare\system\CodeIgniter.php(361): CodeIgniter\CodeIgniter->handleRequest(NULL, Object(Config\Cache), false)
#9 C:\xampp\htdocs\childcare\public\index.php(79): CodeIgniter\CodeIgniter->run()
#10 C:\xampp\htdocs\childcare\system\Commands\Server\rewrite.php(47): require_once('C:\\xampp\\htdocs...')
#11 {main}
CRITICAL - 2024-02-27 10:11:07 --> CodeIgniter\Database\Exceptions\DatabaseException: Unknown column 'tanggal' in 'where clause'
in SYSTEMPATH\Database\BaseConnection.php on line 647.
 1 SYSTEMPATH\Database\BaseBuilder.php(1613): CodeIgniter\Database\BaseConnection->query('SELECT *
FROM `pembayaran`
WHERE `tanggal` >= :tanggal:
AND `tanggal` <= :tanggal.1:', [...], false)
 2 APPPATH\Models\M_model.php(327): CodeIgniter\Database\BaseBuilder->get()
 3 APPPATH\Controllers\Home.php(568): App\Models\M_model->filter('pembayaran', '2024-02-20', '2024-02-27')
 4 SYSTEMPATH\CodeIgniter.php(941): App\Controllers\Home->cari_pembayaran()
 5 SYSTEMPATH\CodeIgniter.php(502): CodeIgniter\CodeIgniter->runController(Object(App\Controllers\Home))
 6 SYSTEMPATH\CodeIgniter.php(361): CodeIgniter\CodeIgniter->handleRequest(null, Object(Config\Cache), false)
 7 FCPATH\index.php(79): CodeIgniter\CodeIgniter->run()
 8 SYSTEMPATH\Commands\Server\rewrite.php(47): require_once('C:\\xampp\\htdocs\\childcare\\public\\index.php')
CRITICAL - 2024-02-27 10:11:07 --> [Caused by] CodeIgniter\Database\Exceptions\DatabaseException: Unknown column 'tanggal' in 'where clause'
in SYSTEMPATH\Database\MySQLi\Connection.php on line 311.
 1 SYSTEMPATH\Database\BaseConnection.php(693): CodeIgniter\Database\MySQLi\Connection->execute('SELECT *
FROM `pembayaran`
WHERE `tanggal` >= \'2024-02-20\'
AND `tanggal` <= \'2024-02-27\'')
 2 SYSTEMPATH\Database\BaseConnection.php(607): CodeIgniter\Database\BaseConnection->simpleQuery('SELECT *
FROM `pembayaran`
WHERE `tanggal` >= \'2024-02-20\'
AND `tanggal` <= \'2024-02-27\'')
 3 SYSTEMPATH\Database\BaseBuilder.php(1613): CodeIgniter\Database\BaseConnection->query('SELECT *
FROM `pembayaran`
WHERE `tanggal` >= :tanggal:
AND `tanggal` <= :tanggal.1:', [...], false)
 4 APPPATH\Models\M_model.php(327): CodeIgniter\Database\BaseBuilder->get()
 5 APPPATH\Controllers\Home.php(568): App\Models\M_model->filter('pembayaran', '2024-02-20', '2024-02-27')
 6 SYSTEMPATH\CodeIgniter.php(941): App\Controllers\Home->cari_pembayaran()
 7 SYSTEMPATH\CodeIgniter.php(502): CodeIgniter\CodeIgniter->runController(Object(App\Controllers\Home))
 8 SYSTEMPATH\CodeIgniter.php(361): CodeIgniter\CodeIgniter->handleRequest(null, Object(Config\Cache), false)
 9 FCPATH\index.php(79): CodeIgniter\CodeIgniter->run()
10 SYSTEMPATH\Commands\Server\rewrite.php(47): require_once('C:\\xampp\\htdocs\\childcare\\public\\index.php')
CRITICAL - 2024-02-27 10:11:07 --> [Caused by] mysqli_sql_exception: Unknown column 'tanggal' in 'where clause'
in SYSTEMPATH\Database\MySQLi\Connection.php on line 306.
 1 SYSTEMPATH\Database\MySQLi\Connection.php(306): mysqli->query('SELECT *
FROM `pembayaran`
WHERE `tanggal` >= \'2024-02-20\'
AND `tanggal` <= \'2024-02-27\'', 0)
 2 SYSTEMPATH\Database\BaseConnection.php(693): CodeIgniter\Database\MySQLi\Connection->execute('SELECT *
FROM `pembayaran`
WHERE `tanggal` >= \'2024-02-20\'
AND `tanggal` <= \'2024-02-27\'')
 3 SYSTEMPATH\Database\BaseConnection.php(607): CodeIgniter\Database\BaseConnection->simpleQuery('SELECT *
FROM `pembayaran`
WHERE `tanggal` >= \'2024-02-20\'
AND `tanggal` <= \'2024-02-27\'')
 4 SYSTEMPATH\Database\BaseBuilder.php(1613): CodeIgniter\Database\BaseConnection->query('SELECT *
FROM `pembayaran`
WHERE `tanggal` >= :tanggal:
AND `tanggal` <= :tanggal.1:', [...], false)
 5 APPPATH\Models\M_model.php(327): CodeIgniter\Database\BaseBuilder->get()
 6 APPPATH\Controllers\Home.php(568): App\Models\M_model->filter('pembayaran', '2024-02-20', '2024-02-27')
 7 SYSTEMPATH\CodeIgniter.php(941): App\Controllers\Home->cari_pembayaran()
 8 SYSTEMPATH\CodeIgniter.php(502): CodeIgniter\CodeIgniter->runController(Object(App\Controllers\Home))
 9 SYSTEMPATH\CodeIgniter.php(361): CodeIgniter\CodeIgniter->handleRequest(null, Object(Config\Cache), false)
10 FCPATH\index.php(79): CodeIgniter\CodeIgniter->run()
11 SYSTEMPATH\Commands\Server\rewrite.php(47): require_once('C:\\xampp\\htdocs\\childcare\\public\\index.php')
ERROR - 2024-02-27 10:11:38 --> mysqli_sql_exception: Unknown column 'tanggal' in 'where clause' in C:\xampp\htdocs\childcare\system\Database\MySQLi\Connection.php:306
Stack trace:
#0 C:\xampp\htdocs\childcare\system\Database\MySQLi\Connection.php(306): mysqli->query('SELECT *\nFROM `...', 0)
#1 C:\xampp\htdocs\childcare\system\Database\BaseConnection.php(693): CodeIgniter\Database\MySQLi\Connection->execute('SELECT *\nFROM `...')
#2 C:\xampp\htdocs\childcare\system\Database\BaseConnection.php(607): CodeIgniter\Database\BaseConnection->simpleQuery('SELECT *\nFROM `...')
#3 C:\xampp\htdocs\childcare\system\Database\BaseBuilder.php(1613): CodeIgniter\Database\BaseConnection->query('SELECT *\nFROM `...', Array, false)
#4 C:\xampp\htdocs\childcare\app\Models\M_model.php(327): CodeIgniter\Database\BaseBuilder->get()
#5 C:\xampp\htdocs\childcare\app\Controllers\Home.php(568): App\Models\M_model->filter('pembayaran', '2024-02-20', '2024-02-27')
#6 C:\xampp\htdocs\childcare\system\CodeIgniter.php(941): App\Controllers\Home->cari_pembayaran()
#7 C:\xampp\htdocs\childcare\system\CodeIgniter.php(502): CodeIgniter\CodeIgniter->runController(Object(App\Controllers\Home))
#8 C:\xampp\htdocs\childcare\system\CodeIgniter.php(361): CodeIgniter\CodeIgniter->handleRequest(NULL, Object(Config\Cache), false)
#9 C:\xampp\htdocs\childcare\public\index.php(79): CodeIgniter\CodeIgniter->run()
#10 C:\xampp\htdocs\childcare\system\Commands\Server\rewrite.php(47): require_once('C:\\xampp\\htdocs...')
#11 {main}
CRITICAL - 2024-02-27 10:11:38 --> CodeIgniter\Database\Exceptions\DatabaseException: Unknown column 'tanggal' in 'where clause'
in SYSTEMPATH\Database\BaseConnection.php on line 647.
 1 SYSTEMPATH\Database\BaseBuilder.php(1613): CodeIgniter\Database\BaseConnection->query('SELECT *
FROM `pembayaran`
WHERE `tanggal` >= :tanggal:
AND `tanggal` <= :tanggal.1:', [...], false)
 2 APPPATH\Models\M_model.php(327): CodeIgniter\Database\BaseBuilder->get()
 3 APPPATH\Controllers\Home.php(568): App\Models\M_model->filter('pembayaran', '2024-02-20', '2024-02-27')
 4 SYSTEMPATH\CodeIgniter.php(941): App\Controllers\Home->cari_pembayaran()
 5 SYSTEMPATH\CodeIgniter.php(502): CodeIgniter\CodeIgniter->runController(Object(App\Controllers\Home))
 6 SYSTEMPATH\CodeIgniter.php(361): CodeIgniter\CodeIgniter->handleRequest(null, Object(Config\Cache), false)
 7 FCPATH\index.php(79): CodeIgniter\CodeIgniter->run()
 8 SYSTEMPATH\Commands\Server\rewrite.php(47): require_once('C:\\xampp\\htdocs\\childcare\\public\\index.php')
CRITICAL - 2024-02-27 10:11:38 --> [Caused by] CodeIgniter\Database\Exceptions\DatabaseException: Unknown column 'tanggal' in 'where clause'
in SYSTEMPATH\Database\MySQLi\Connection.php on line 311.
 1 SYSTEMPATH\Database\BaseConnection.php(693): CodeIgniter\Database\MySQLi\Connection->execute('SELECT *
FROM `pembayaran`
WHERE `tanggal` >= \'2024-02-20\'
AND `tanggal` <= \'2024-02-27\'')
 2 SYSTEMPATH\Database\BaseConnection.php(607): CodeIgniter\Database\BaseConnection->simpleQuery('SELECT *
FROM `pembayaran`
WHERE `tanggal` >= \'2024-02-20\'
AND `tanggal` <= \'2024-02-27\'')
 3 SYSTEMPATH\Database\BaseBuilder.php(1613): CodeIgniter\Database\BaseConnection->query('SELECT *
FROM `pembayaran`
WHERE `tanggal` >= :tanggal:
AND `tanggal` <= :tanggal.1:', [...], false)
 4 APPPATH\Models\M_model.php(327): CodeIgniter\Database\BaseBuilder->get()
 5 APPPATH\Controllers\Home.php(568): App\Models\M_model->filter('pembayaran', '2024-02-20', '2024-02-27')
 6 SYSTEMPATH\CodeIgniter.php(941): App\Controllers\Home->cari_pembayaran()
 7 SYSTEMPATH\CodeIgniter.php(502): CodeIgniter\CodeIgniter->runController(Object(App\Controllers\Home))
 8 SYSTEMPATH\CodeIgniter.php(361): CodeIgniter\CodeIgniter->handleRequest(null, Object(Config\Cache), false)
 9 FCPATH\index.php(79): CodeIgniter\CodeIgniter->run()
10 SYSTEMPATH\Commands\Server\rewrite.php(47): require_once('C:\\xampp\\htdocs\\childcare\\public\\index.php')
CRITICAL - 2024-02-27 10:11:38 --> [Caused by] mysqli_sql_exception: Unknown column 'tanggal' in 'where clause'
in SYSTEMPATH\Database\MySQLi\Connection.php on line 306.
 1 SYSTEMPATH\Database\MySQLi\Connection.php(306): mysqli->query('SELECT *
FROM `pembayaran`
WHERE `tanggal` >= \'2024-02-20\'
AND `tanggal` <= \'2024-02-27\'', 0)
 2 SYSTEMPATH\Database\BaseConnection.php(693): CodeIgniter\Database\MySQLi\Connection->execute('SELECT *
FROM `pembayaran`
WHERE `tanggal` >= \'2024-02-20\'
AND `tanggal` <= \'2024-02-27\'')
 3 SYSTEMPATH\Database\BaseConnection.php(607): CodeIgniter\Database\BaseConnection->simpleQuery('SELECT *
FROM `pembayaran`
WHERE `tanggal` >= \'2024-02-20\'
AND `tanggal` <= \'2024-02-27\'')
 4 SYSTEMPATH\Database\BaseBuilder.php(1613): CodeIgniter\Database\BaseConnection->query('SELECT *
FROM `pembayaran`
WHERE `tanggal` >= :tanggal:
AND `tanggal` <= :tanggal.1:', [...], false)
 5 APPPATH\Models\M_model.php(327): CodeIgniter\Database\BaseBuilder->get()
 6 APPPATH\Controllers\Home.php(568): App\Models\M_model->filter('pembayaran', '2024-02-20', '2024-02-27')
 7 SYSTEMPATH\CodeIgniter.php(941): App\Controllers\Home->cari_pembayaran()
 8 SYSTEMPATH\CodeIgniter.php(502): CodeIgniter\CodeIgniter->runController(Object(App\Controllers\Home))
 9 SYSTEMPATH\CodeIgniter.php(361): CodeIgniter\CodeIgniter->handleRequest(null, Object(Config\Cache), false)
10 FCPATH\index.php(79): CodeIgniter\CodeIgniter->run()
11 SYSTEMPATH\Commands\Server\rewrite.php(47): require_once('C:\\xampp\\htdocs\\childcare\\public\\index.php')
CRITICAL - 2024-02-27 10:15:35 --> Error: Class 'Dompdf\Dompdf' not found
in APPPATH\Controllers\Home.php on line 595.
 1 SYSTEMPATH\CodeIgniter.php(941): App\Controllers\Home->pdf_pembayaran()
 2 SYSTEMPATH\CodeIgniter.php(502): CodeIgniter\CodeIgniter->runController(Object(App\Controllers\Home))
 3 SYSTEMPATH\CodeIgniter.php(361): CodeIgniter\CodeIgniter->handleRequest(null, Object(Config\Cache), false)
 4 FCPATH\index.php(79): CodeIgniter\CodeIgniter->run()
 5 SYSTEMPATH\Commands\Server\rewrite.php(47): require_once('C:\\xampp\\htdocs\\childcare\\public\\index.php')
CRITICAL - 2024-02-27 10:16:26 --> CodeIgniter\Database\Exceptions\DatabaseException: You must set the database table to be used with your query.
in SYSTEMPATH\Database\BaseConnection.php on line 884.
 1 SYSTEMPATH\Model.php(662): CodeIgniter\Database\BaseConnection->table(null)
 2 SYSTEMPATH\Model.php(864): CodeIgniter\Model->builder()
 3 APPPATH\Controllers\Home.php(588): CodeIgniter\Model->__call('filter_pembayaran', [...])
 4 SYSTEMPATH\CodeIgniter.php(941): App\Controllers\Home->pdf_pembayaran()
 5 SYSTEMPATH\CodeIgniter.php(502): CodeIgniter\CodeIgniter->runController(Object(App\Controllers\Home))
 6 SYSTEMPATH\CodeIgniter.php(361): CodeIgniter\CodeIgniter->handleRequest(null, Object(Config\Cache), false)
 7 FCPATH\index.php(79): CodeIgniter\CodeIgniter->run()
 8 SYSTEMPATH\Commands\Server\rewrite.php(47): require_once('C:\\xampp\\htdocs\\childcare\\public\\index.php')
CRITICAL - 2024-02-27 10:16:36 --> Error: Class 'Dompdf\Dompdf' not found
in APPPATH\Controllers\Home.php on line 594.
 1 SYSTEMPATH\CodeIgniter.php(941): App\Controllers\Home->pdf_pembayaran()
 2 SYSTEMPATH\CodeIgniter.php(502): CodeIgniter\CodeIgniter->runController(Object(App\Controllers\Home))
 3 SYSTEMPATH\CodeIgniter.php(361): CodeIgniter\CodeIgniter->handleRequest(null, Object(Config\Cache), false)
 4 FCPATH\index.php(79): CodeIgniter\CodeIgniter->run()
 5 SYSTEMPATH\Commands\Server\rewrite.php(47): require_once('C:\\xampp\\htdocs\\childcare\\public\\index.php')
CRITICAL - 2024-02-27 10:17:35 --> Error: Class 'PhpOffice\PhpSpreadsheet\Spreadsheet' not found
in APPPATH\Controllers\Home.php on line 613.
 1 SYSTEMPATH\CodeIgniter.php(941): App\Controllers\Home->excel_pembayaran()
 2 SYSTEMPATH\CodeIgniter.php(502): CodeIgniter\CodeIgniter->runController(Object(App\Controllers\Home))
 3 SYSTEMPATH\CodeIgniter.php(361): CodeIgniter\CodeIgniter->handleRequest(null, Object(Config\Cache), false)
 4 FCPATH\index.php(79): CodeIgniter\CodeIgniter->run()
 5 SYSTEMPATH\Commands\Server\rewrite.php(47): require_once('C:\\xampp\\htdocs\\childcare\\public\\index.php')
CRITICAL - 2024-02-27 10:22:00 --> Error: Class 'PhpOffice\PhpSpreadsheet\Spreadsheet' not found
in APPPATH\Controllers\Home.php on line 613.
 1 SYSTEMPATH\CodeIgniter.php(941): App\Controllers\Home->excel_pembayaran()
 2 SYSTEMPATH\CodeIgniter.php(502): CodeIgniter\CodeIgniter->runController(Object(App\Controllers\Home))
 3 SYSTEMPATH\CodeIgniter.php(361): CodeIgniter\CodeIgniter->handleRequest(null, Object(Config\Cache), false)
 4 FCPATH\index.php(79): CodeIgniter\CodeIgniter->run()
 5 SYSTEMPATH\Commands\Server\rewrite.php(47): require_once('C:\\xampp\\htdocs\\childcare\\public\\index.php')
CRITICAL - 2024-02-27 10:24:32 --> Error: Class 'PhpOffice\PhpSpreadsheet\Spreadsheet' not found
in APPPATH\Controllers\Home.php on line 613.
 1 SYSTEMPATH\CodeIgniter.php(941): App\Controllers\Home->excel_pembayaran()
 2 SYSTEMPATH\CodeIgniter.php(502): CodeIgniter\CodeIgniter->runController(Object(App\Controllers\Home))
 3 SYSTEMPATH\CodeIgniter.php(361): CodeIgniter\CodeIgniter->handleRequest(null, Object(Config\Cache), false)
 4 FCPATH\index.php(79): CodeIgniter\CodeIgniter->run()
 5 SYSTEMPATH\Commands\Server\rewrite.php(47): require_once('C:\\xampp\\htdocs\\childcare\\public\\index.php')
CRITICAL - 2024-02-27 10:24:36 --> Error: Class 'PhpOffice\PhpSpreadsheet\Spreadsheet' not found
in APPPATH\Controllers\Home.php on line 613.
 1 SYSTEMPATH\CodeIgniter.php(941): App\Controllers\Home->excel_pembayaran()
 2 SYSTEMPATH\CodeIgniter.php(502): CodeIgniter\CodeIgniter->runController(Object(App\Controllers\Home))
 3 SYSTEMPATH\CodeIgniter.php(361): CodeIgniter\CodeIgniter->handleRequest(null, Object(Config\Cache), false)
 4 FCPATH\index.php(79): CodeIgniter\CodeIgniter->run()
 5 SYSTEMPATH\Commands\Server\rewrite.php(47): require_once('C:\\xampp\\htdocs\\childcare\\public\\index.php')
CRITICAL - 2024-02-27 10:24:39 --> Error: Class 'PhpOffice\PhpSpreadsheet\Spreadsheet' not found
in APPPATH\Controllers\Home.php on line 613.
 1 SYSTEMPATH\CodeIgniter.php(941): App\Controllers\Home->excel_pembayaran()
 2 SYSTEMPATH\CodeIgniter.php(502): CodeIgniter\CodeIgniter->runController(Object(App\Controllers\Home))
 3 SYSTEMPATH\CodeIgniter.php(361): CodeIgniter\CodeIgniter->handleRequest(null, Object(Config\Cache), false)
 4 FCPATH\index.php(79): CodeIgniter\CodeIgniter->run()
 5 SYSTEMPATH\Commands\Server\rewrite.php(47): require_once('C:\\xampp\\htdocs\\childcare\\public\\index.php')
CRITICAL - 2024-02-27 10:27:35 --> Error: Class 'PhpOffice\PhpSpreadsheet\Spreadsheet' not found
in APPPATH\Controllers\Home.php on line 613.
 1 SYSTEMPATH\CodeIgniter.php(941): App\Controllers\Home->excel_pembayaran()
 2 SYSTEMPATH\CodeIgniter.php(502): CodeIgniter\CodeIgniter->runController(Object(App\Controllers\Home))
 3 SYSTEMPATH\CodeIgniter.php(361): CodeIgniter\CodeIgniter->handleRequest(null, Object(Config\Cache), false)
 4 FCPATH\index.php(79): CodeIgniter\CodeIgniter->run()
 5 SYSTEMPATH\Commands\Server\rewrite.php(47): require_once('C:\\xampp\\htdocs\\childcare\\public\\index.php')
