ERROR - 2024-02-26 05:14:58 --> Error connecting to the database: mysqli_sql_exception: Access denied for user ''@'localhost' (using password: YES) in C:\xampp\htdocs\childcare\system\Database\MySQLi\Connection.php:185
Stack trace:
#0 C:\xampp\htdocs\childcare\system\Database\MySQLi\Connection.php(185): mysqli->real_connect('localhost', '', 'root', 'child_care', 3306, '', 0)
#1 C:\xampp\htdocs\childcare\system\Database\BaseConnection.php(392): CodeIgniter\Database\MySQLi\Connection->connect(false)
#2 C:\xampp\htdocs\childcare\system\Database\BaseConnection.php(575): CodeIgniter\Database\BaseConnection->initialize()
#3 C:\xampp\htdocs\childcare\system\Database\BaseBuilder.php(1746): CodeIgniter\Database\BaseConnection->query('SELECT *\nFROM `...', Array, false)
#4 C:\xampp\htdocs\childcare\app\Models\M_model.php(226): CodeIgniter\Database\BaseBuilder->getWhere(Array)
#5 C:\xampp\htdocs\childcare\app\Controllers\Home.php(32): App\Models\M_model->getarray('user', Array)
#6 C:\xampp\htdocs\childcare\system\CodeIgniter.php(941): App\Controllers\Home->aksi_login()
#7 C:\xampp\htdocs\childcare\system\CodeIgniter.php(502): CodeIgniter\CodeIgniter->runController(Object(App\Controllers\Home))
#8 C:\xampp\htdocs\childcare\system\CodeIgniter.php(361): CodeIgniter\CodeIgniter->handleRequest(NULL, Object(Config\Cache), false)
#9 C:\xampp\htdocs\childcare\public\index.php(79): CodeIgniter\CodeIgniter->run()
#10 C:\xampp\htdocs\childcare\system\Commands\Server\rewrite.php(47): require_once('C:\\xampp\\htdocs...')
#11 {main}

Next CodeIgniter\Database\Exceptions\DatabaseException: Access denied for user ''@'localhost' (using password: YES) in C:\xampp\htdocs\childcare\system\Database\MySQLi\Connection.php:229
Stack trace:
#0 C:\xampp\htdocs\childcare\system\Database\BaseConnection.php(392): CodeIgniter\Database\MySQLi\Connection->connect(false)
#1 C:\xampp\htdocs\childcare\system\Database\BaseConnection.php(575): CodeIgniter\Database\BaseConnection->initialize()
#2 C:\xampp\htdocs\childcare\system\Database\BaseBuilder.php(1746): CodeIgniter\Database\BaseConnection->query('SELECT *\nFROM `...', Array, false)
#3 C:\xampp\htdocs\childcare\app\Models\M_model.php(226): CodeIgniter\Database\BaseBuilder->getWhere(Array)
#4 C:\xampp\htdocs\childcare\app\Controllers\Home.php(32): App\Models\M_model->getarray('user', Array)
#5 C:\xampp\htdocs\childcare\system\CodeIgniter.php(941): App\Controllers\Home->aksi_login()
#6 C:\xampp\htdocs\childcare\system\CodeIgniter.php(502): CodeIgniter\CodeIgniter->runController(Object(App\Controllers\Home))
#7 C:\xampp\htdocs\childcare\system\CodeIgniter.php(361): CodeIgniter\CodeIgniter->handleRequest(NULL, Object(Config\Cache), false)
#8 C:\xampp\htdocs\childcare\public\index.php(79): CodeIgniter\CodeIgniter->run()
#9 C:\xampp\htdocs\childcare\system\Commands\Server\rewrite.php(47): require_once('C:\\xampp\\htdocs...')
#10 {main}
CRITICAL - 2024-02-26 05:14:58 --> CodeIgniter\Database\Exceptions\DatabaseException: Unable to connect to the database.
Main connection [MySQLi]: Access denied for user ''@'localhost' (using password: YES)
in SYSTEMPATH\Database\BaseConnection.php on line 428.
 1 SYSTEMPATH\Database\BaseConnection.php(575): CodeIgniter\Database\BaseConnection->initialize()
 2 SYSTEMPATH\Database\BaseBuilder.php(1746): CodeIgniter\Database\BaseConnection->query('SELECT *
FROM `user`
WHERE `username` = :username:
AND `password` = :password:', [...], false)
 3 APPPATH\Models\M_model.php(226): CodeIgniter\Database\BaseBuilder->getWhere([...])
 4 APPPATH\Controllers\Home.php(32): App\Models\M_model->getarray('user', [...])
 5 SYSTEMPATH\CodeIgniter.php(941): App\Controllers\Home->aksi_login()
 6 SYSTEMPATH\CodeIgniter.php(502): CodeIgniter\CodeIgniter->runController(Object(App\Controllers\Home))
 7 SYSTEMPATH\CodeIgniter.php(361): CodeIgniter\CodeIgniter->handleRequest(null, Object(Config\Cache), false)
 8 FCPATH\index.php(79): CodeIgniter\CodeIgniter->run()
 9 SYSTEMPATH\Commands\Server\rewrite.php(47): require_once('C:\\xampp\\htdocs\\childcare\\public\\index.php')
ERROR - 2024-02-26 05:18:38 --> Error connecting to the database: mysqli_sql_exception: Access denied for user ''@'localhost' (using password: YES) in C:\xampp\htdocs\childcare\system\Database\MySQLi\Connection.php:185
Stack trace:
#0 C:\xampp\htdocs\childcare\system\Database\MySQLi\Connection.php(185): mysqli->real_connect('localhost', '', 'root', 'child_care', 3306, '', 0)
#1 C:\xampp\htdocs\childcare\system\Database\BaseConnection.php(392): CodeIgniter\Database\MySQLi\Connection->connect(false)
#2 C:\xampp\htdocs\childcare\system\Database\BaseConnection.php(575): CodeIgniter\Database\BaseConnection->initialize()
#3 C:\xampp\htdocs\childcare\system\Database\BaseBuilder.php(1746): CodeIgniter\Database\BaseConnection->query('SELECT *\nFROM `...', Array, false)
#4 C:\xampp\htdocs\childcare\app\Models\M_model.php(226): CodeIgniter\Database\BaseBuilder->getWhere(Array)
#5 C:\xampp\htdocs\childcare\app\Controllers\Home.php(32): App\Models\M_model->getarray('user', Array)
#6 C:\xampp\htdocs\childcare\system\CodeIgniter.php(941): App\Controllers\Home->aksi_login()
#7 C:\xampp\htdocs\childcare\system\CodeIgniter.php(502): CodeIgniter\CodeIgniter->runController(Object(App\Controllers\Home))
#8 C:\xampp\htdocs\childcare\system\CodeIgniter.php(361): CodeIgniter\CodeIgniter->handleRequest(NULL, Object(Config\Cache), false)
#9 C:\xampp\htdocs\childcare\public\index.php(79): CodeIgniter\CodeIgniter->run()
#10 C:\xampp\htdocs\childcare\system\Commands\Server\rewrite.php(47): require_once('C:\\xampp\\htdocs...')
#11 {main}

Next CodeIgniter\Database\Exceptions\DatabaseException: Access denied for user ''@'localhost' (using password: YES) in C:\xampp\htdocs\childcare\system\Database\MySQLi\Connection.php:229
Stack trace:
#0 C:\xampp\htdocs\childcare\system\Database\BaseConnection.php(392): CodeIgniter\Database\MySQLi\Connection->connect(false)
#1 C:\xampp\htdocs\childcare\system\Database\BaseConnection.php(575): CodeIgniter\Database\BaseConnection->initialize()
#2 C:\xampp\htdocs\childcare\system\Database\BaseBuilder.php(1746): CodeIgniter\Database\BaseConnection->query('SELECT *\nFROM `...', Array, false)
#3 C:\xampp\htdocs\childcare\app\Models\M_model.php(226): CodeIgniter\Database\BaseBuilder->getWhere(Array)
#4 C:\xampp\htdocs\childcare\app\Controllers\Home.php(32): App\Models\M_model->getarray('user', Array)
#5 C:\xampp\htdocs\childcare\system\CodeIgniter.php(941): App\Controllers\Home->aksi_login()
#6 C:\xampp\htdocs\childcare\system\CodeIgniter.php(502): CodeIgniter\CodeIgniter->runController(Object(App\Controllers\Home))
#7 C:\xampp\htdocs\childcare\system\CodeIgniter.php(361): CodeIgniter\CodeIgniter->handleRequest(NULL, Object(Config\Cache), false)
#8 C:\xampp\htdocs\childcare\public\index.php(79): CodeIgniter\CodeIgniter->run()
#9 C:\xampp\htdocs\childcare\system\Commands\Server\rewrite.php(47): require_once('C:\\xampp\\htdocs...')
#10 {main}
CRITICAL - 2024-02-26 05:18:38 --> CodeIgniter\Database\Exceptions\DatabaseException: Unable to connect to the database.
Main connection [MySQLi]: Access denied for user ''@'localhost' (using password: YES)
in SYSTEMPATH\Database\BaseConnection.php on line 428.
 1 SYSTEMPATH\Database\BaseConnection.php(575): CodeIgniter\Database\BaseConnection->initialize()
 2 SYSTEMPATH\Database\BaseBuilder.php(1746): CodeIgniter\Database\BaseConnection->query('SELECT *
FROM `user`
WHERE `username` = :username:
AND `password` = :password:', [...], false)
 3 APPPATH\Models\M_model.php(226): CodeIgniter\Database\BaseBuilder->getWhere([...])
 4 APPPATH\Controllers\Home.php(32): App\Models\M_model->getarray('user', [...])
 5 SYSTEMPATH\CodeIgniter.php(941): App\Controllers\Home->aksi_login()
 6 SYSTEMPATH\CodeIgniter.php(502): CodeIgniter\CodeIgniter->runController(Object(App\Controllers\Home))
 7 SYSTEMPATH\CodeIgniter.php(361): CodeIgniter\CodeIgniter->handleRequest(null, Object(Config\Cache), false)
 8 FCPATH\index.php(79): CodeIgniter\CodeIgniter->run()
 9 SYSTEMPATH\Commands\Server\rewrite.php(47): require_once('C:\\xampp\\htdocs\\childcare\\public\\index.php')
CRITICAL - 2024-02-26 05:22:36 --> ErrorException: Undefined variable $c
in APPPATH\Controllers\Home.php on line 157.
 1 APPPATH\Controllers\Home.php(157): CodeIgniter\Debug\Exceptions->errorHandler(2, 'Undefined variable $c', 'C:\\xampp\\htdocs\\childcare\\app\\Controllers\\Home.php', 157)
 2 SYSTEMPATH\CodeIgniter.php(941): App\Controllers\Home->aksi_tambah_anak()
 3 SYSTEMPATH\CodeIgniter.php(502): CodeIgniter\CodeIgniter->runController(Object(App\Controllers\Home))
 4 SYSTEMPATH\CodeIgniter.php(361): CodeIgniter\CodeIgniter->handleRequest(null, Object(Config\Cache), false)
 5 FCPATH\index.php(79): CodeIgniter\CodeIgniter->run()
 6 SYSTEMPATH\Commands\Server\rewrite.php(47): require_once('C:\\xampp\\htdocs\\childcare\\public\\index.php')
CRITICAL - 2024-02-26 05:23:21 --> ErrorException: Undefined variable $c
in APPPATH\Controllers\Home.php on line 157.
 1 APPPATH\Controllers\Home.php(157): CodeIgniter\Debug\Exceptions->errorHandler(2, 'Undefined variable $c', 'C:\\xampp\\htdocs\\childcare\\app\\Controllers\\Home.php', 157)
 2 SYSTEMPATH\CodeIgniter.php(941): App\Controllers\Home->aksi_tambah_anak()
 3 SYSTEMPATH\CodeIgniter.php(502): CodeIgniter\CodeIgniter->runController(Object(App\Controllers\Home))
 4 SYSTEMPATH\CodeIgniter.php(361): CodeIgniter\CodeIgniter->handleRequest(null, Object(Config\Cache), false)
 5 FCPATH\index.php(79): CodeIgniter\CodeIgniter->run()
 6 SYSTEMPATH\Commands\Server\rewrite.php(47): require_once('C:\\xampp\\htdocs\\childcare\\public\\index.php')
CRITICAL - 2024-02-26 05:24:05 --> CodeIgniter\View\Exceptions\ViewException: Invalid file: "edit_anak.php"
in SYSTEMPATH\Exceptions\FrameworkException.php on line 39.
 1 SYSTEMPATH\View\View.php(216): CodeIgniter\Exceptions\FrameworkException::forInvalidFile('edit_anak.php')
 2 SYSTEMPATH\Common.php(1178): CodeIgniter\View\View->render('edit_anak', [], true)
 3 APPPATH\Controllers\Home.php(176): view('edit_anak', [...])
 4 SYSTEMPATH\CodeIgniter.php(941): App\Controllers\Home->edit_anak('1')
 5 SYSTEMPATH\CodeIgniter.php(502): CodeIgniter\CodeIgniter->runController(Object(App\Controllers\Home))
 6 SYSTEMPATH\CodeIgniter.php(361): CodeIgniter\CodeIgniter->handleRequest(null, Object(Config\Cache), false)
 7 FCPATH\index.php(79): CodeIgniter\CodeIgniter->run()
 8 SYSTEMPATH\Commands\Server\rewrite.php(47): require_once('C:\\xampp\\htdocs\\childcare\\public\\index.php')
CRITICAL - 2024-02-26 05:40:24 --> CodeIgniter\View\Exceptions\ViewException: Invalid file: "tambah_pembayaran.php"
in SYSTEMPATH\Exceptions\FrameworkException.php on line 39.
 1 SYSTEMPATH\View\View.php(216): CodeIgniter\Exceptions\FrameworkException::forInvalidFile('tambah_pembayaran.php')
 2 SYSTEMPATH\Common.php(1178): CodeIgniter\View\View->render('tambah_pembayaran', [], true)
 3 APPPATH\Controllers\Home.php(235): view('tambah_pembayaran', [...])
 4 SYSTEMPATH\CodeIgniter.php(941): App\Controllers\Home->tambah_pembayaran()
 5 SYSTEMPATH\CodeIgniter.php(502): CodeIgniter\CodeIgniter->runController(Object(App\Controllers\Home))
 6 SYSTEMPATH\CodeIgniter.php(361): CodeIgniter\CodeIgniter->handleRequest(null, Object(Config\Cache), false)
 7 FCPATH\index.php(79): CodeIgniter\CodeIgniter->run()
 8 SYSTEMPATH\Commands\Server\rewrite.php(47): require_once('C:\\xampp\\htdocs\\childcare\\public\\index.php')
ERROR - 2024-02-26 07:17:57 --> mysqli_sql_exception: Unknown column 'tanggal' in 'where clause' in C:\xampp\htdocs\childcare\system\Database\MySQLi\Connection.php:306
Stack trace:
#0 C:\xampp\htdocs\childcare\system\Database\MySQLi\Connection.php(306): mysqli->query('SELECT *\nFROM `...', 0)
#1 C:\xampp\htdocs\childcare\system\Database\BaseConnection.php(693): CodeIgniter\Database\MySQLi\Connection->execute('SELECT *\nFROM `...')
#2 C:\xampp\htdocs\childcare\system\Database\BaseConnection.php(607): CodeIgniter\Database\BaseConnection->simpleQuery('SELECT *\nFROM `...')
#3 C:\xampp\htdocs\childcare\system\Database\BaseBuilder.php(1613): CodeIgniter\Database\BaseConnection->query('SELECT *\nFROM `...', Array, false)
#4 C:\xampp\htdocs\childcare\app\Models\M_model.php(327): CodeIgniter\Database\BaseBuilder->get()
#5 C:\xampp\htdocs\childcare\app\Controllers\Home.php(568): App\Models\M_model->filter('pembayaran', '2024-02-22', '2024-02-28')
#6 C:\xampp\htdocs\childcare\system\CodeIgniter.php(941): App\Controllers\Home->cari_pembayaran()
#7 C:\xampp\htdocs\childcare\system\CodeIgniter.php(502): CodeIgniter\CodeIgniter->runController(Object(App\Controllers\Home))
#8 C:\xampp\htdocs\childcare\system\CodeIgniter.php(361): CodeIgniter\CodeIgniter->handleRequest(NULL, Object(Config\Cache), false)
#9 C:\xampp\htdocs\childcare\public\index.php(79): CodeIgniter\CodeIgniter->run()
#10 C:\xampp\htdocs\childcare\system\Commands\Server\rewrite.php(47): require_once('C:\\xampp\\htdocs...')
#11 {main}
CRITICAL - 2024-02-26 07:17:57 --> CodeIgniter\Database\Exceptions\DatabaseException: Unknown column 'tanggal' in 'where clause'
in SYSTEMPATH\Database\BaseConnection.php on line 647.
 1 SYSTEMPATH\Database\BaseBuilder.php(1613): CodeIgniter\Database\BaseConnection->query('SELECT *
FROM `pembayaran`
WHERE `tanggal` >= :tanggal:
AND `tanggal` <= :tanggal.1:', [...], false)
 2 APPPATH\Models\M_model.php(327): CodeIgniter\Database\BaseBuilder->get()
 3 APPPATH\Controllers\Home.php(568): App\Models\M_model->filter('pembayaran', '2024-02-22', '2024-02-28')
 4 SYSTEMPATH\CodeIgniter.php(941): App\Controllers\Home->cari_pembayaran()
 5 SYSTEMPATH\CodeIgniter.php(502): CodeIgniter\CodeIgniter->runController(Object(App\Controllers\Home))
 6 SYSTEMPATH\CodeIgniter.php(361): CodeIgniter\CodeIgniter->handleRequest(null, Object(Config\Cache), false)
 7 FCPATH\index.php(79): CodeIgniter\CodeIgniter->run()
 8 SYSTEMPATH\Commands\Server\rewrite.php(47): require_once('C:\\xampp\\htdocs\\childcare\\public\\index.php')
CRITICAL - 2024-02-26 07:17:57 --> [Caused by] CodeIgniter\Database\Exceptions\DatabaseException: Unknown column 'tanggal' in 'where clause'
in SYSTEMPATH\Database\MySQLi\Connection.php on line 311.
 1 SYSTEMPATH\Database\BaseConnection.php(693): CodeIgniter\Database\MySQLi\Connection->execute('SELECT *
FROM `pembayaran`
WHERE `tanggal` >= \'2024-02-22\'
AND `tanggal` <= \'2024-02-28\'')
 2 SYSTEMPATH\Database\BaseConnection.php(607): CodeIgniter\Database\BaseConnection->simpleQuery('SELECT *
FROM `pembayaran`
WHERE `tanggal` >= \'2024-02-22\'
AND `tanggal` <= \'2024-02-28\'')
 3 SYSTEMPATH\Database\BaseBuilder.php(1613): CodeIgniter\Database\BaseConnection->query('SELECT *
FROM `pembayaran`
WHERE `tanggal` >= :tanggal:
AND `tanggal` <= :tanggal.1:', [...], false)
 4 APPPATH\Models\M_model.php(327): CodeIgniter\Database\BaseBuilder->get()
 5 APPPATH\Controllers\Home.php(568): App\Models\M_model->filter('pembayaran', '2024-02-22', '2024-02-28')
 6 SYSTEMPATH\CodeIgniter.php(941): App\Controllers\Home->cari_pembayaran()
 7 SYSTEMPATH\CodeIgniter.php(502): CodeIgniter\CodeIgniter->runController(Object(App\Controllers\Home))
 8 SYSTEMPATH\CodeIgniter.php(361): CodeIgniter\CodeIgniter->handleRequest(null, Object(Config\Cache), false)
 9 FCPATH\index.php(79): CodeIgniter\CodeIgniter->run()
10 SYSTEMPATH\Commands\Server\rewrite.php(47): require_once('C:\\xampp\\htdocs\\childcare\\public\\index.php')
CRITICAL - 2024-02-26 07:17:57 --> [Caused by] mysqli_sql_exception: Unknown column 'tanggal' in 'where clause'
in SYSTEMPATH\Database\MySQLi\Connection.php on line 306.
 1 SYSTEMPATH\Database\MySQLi\Connection.php(306): mysqli->query('SELECT *
FROM `pembayaran`
WHERE `tanggal` >= \'2024-02-22\'
AND `tanggal` <= \'2024-02-28\'', 0)
 2 SYSTEMPATH\Database\BaseConnection.php(693): CodeIgniter\Database\MySQLi\Connection->execute('SELECT *
FROM `pembayaran`
WHERE `tanggal` >= \'2024-02-22\'
AND `tanggal` <= \'2024-02-28\'')
 3 SYSTEMPATH\Database\BaseConnection.php(607): CodeIgniter\Database\BaseConnection->simpleQuery('SELECT *
FROM `pembayaran`
WHERE `tanggal` >= \'2024-02-22\'
AND `tanggal` <= \'2024-02-28\'')
 4 SYSTEMPATH\Database\BaseBuilder.php(1613): CodeIgniter\Database\BaseConnection->query('SELECT *
FROM `pembayaran`
WHERE `tanggal` >= :tanggal:
AND `tanggal` <= :tanggal.1:', [...], false)
 5 APPPATH\Models\M_model.php(327): CodeIgniter\Database\BaseBuilder->get()
 6 APPPATH\Controllers\Home.php(568): App\Models\M_model->filter('pembayaran', '2024-02-22', '2024-02-28')
 7 SYSTEMPATH\CodeIgniter.php(941): App\Controllers\Home->cari_pembayaran()
 8 SYSTEMPATH\CodeIgniter.php(502): CodeIgniter\CodeIgniter->runController(Object(App\Controllers\Home))
 9 SYSTEMPATH\CodeIgniter.php(361): CodeIgniter\CodeIgniter->handleRequest(null, Object(Config\Cache), false)
10 FCPATH\index.php(79): CodeIgniter\CodeIgniter->run()
11 SYSTEMPATH\Commands\Server\rewrite.php(47): require_once('C:\\xampp\\htdocs\\childcare\\public\\index.php')
